Using pre-set license
Built from '2020.2/staging' branch; Version is '2020.2.7f1 (c53830e277f1) revision 12924976'; Using compiler version '192528614'; Build Type 'Release'
OS: 'Windows 10 Pro; OS build 19041.1110; Version 2004; 64bit' Language: 'en' Physical Memory: 8147 MB
BatchMode: 1, IsHumanControllingUs: 0, StartBugReporterOnCrash: 0, Is64bit: 1, IsPro: 0

 COMMAND LINE ARGUMENTS:
D:\UNITY projects\2020.2.7f1\Editor\Unity.exe
-adb2
-batchMode
-noUpm
-name
AssetImportWorker1
-projectPath
D:/UNITY projects/FinalProject
-logFile
Logs/AssetImportWorker1.log
-srvPort
54657
Successfully changed project path to: D:/UNITY projects/FinalProject
D:/UNITY projects/FinalProject
Using Asset Import Pipeline V2.
Refreshing native plugins compatible for Editor in 97.83 ms, found 1 plugins.
Preloading 0 native plugins for Editor in 0.00 ms.
Initialize engine version: 2020.2.7f1 (c53830e277f1)
[Subsystems] Discovering subsystems at path D:/UNITY projects/2020.2.7f1/Editor/Data/Resources/UnitySubsystems
[Subsystems] Discovering subsystems at path D:/UNITY projects/FinalProject/Assets
GfxDevice: creating device client; threaded=0
Direct3D:
    Version:  Direct3D 11.0 [level 11.1]
    Renderer: NVIDIA GeForce GTX 1050 (ID=0x1c81)
    Vendor:   
    VRAM:     1977 MB
    Driver:   27.21.14.5671
Initialize mono
Mono path[0] = 'D:/UNITY projects/2020.2.7f1/Editor/Data/Managed'
Mono path[1] = 'D:/UNITY projects/2020.2.7f1/Editor/Data/MonoBleedingEdge/lib/mono/unityjit'
Mono config path = 'D:/UNITY projects/2020.2.7f1/Editor/Data/MonoBleedingEdge/etc'
Using monoOptions --debugger-agent=transport=dt_socket,embedding=1,server=y,suspend=n,address=127.0.0.1:56720
Begin MonoManager ReloadAssembly
Registering precompiled unity dll's ...
Register platform support module: D:/UNITY projects/2020.2.7f1/Editor/Data/PlaybackEngines/WindowsStandaloneSupport/UnityEditor.WindowsStandalone.Extensions.dll
Registered in 0.001506 seconds.
Native extension for WindowsStandalone target not found
Refreshing native plugins compatible for Editor in 49.88 ms, found 1 plugins.
Preloading 0 native plugins for Editor in 0.00 ms.
Invoked RoslynAnalysisRunner static constructor.
RoslynAnalysisRunner will not be running.
RoslynAnalysisRunner has terminated.
Mono: successfully reloaded assembly
- Completed reload, in  2.163 seconds
Platform modules already initialized, skipping
Registering precompiled user dll's ...
Registered in 0.000794 seconds.
Begin MonoManager ReloadAssembly
Native extension for WindowsStandalone target not found
Refreshing native plugins compatible for Editor in 37.59 ms, found 1 plugins.
Preloading 0 native plugins for Editor in 0.00 ms.
Invoked RoslynAnalysisRunner static constructor.
RoslynAnalysisRunner will not be running.
RoslynAnalysisRunner has terminated.
Mono: successfully reloaded assembly
- Completed reload, in  3.099 seconds
Platform modules already initialized, skipping
========================================================================
Worker process is ready to serve import requests
Launched and connected shader compiler UnityShaderCompiler.exe after 0.15 seconds
Refreshing native plugins compatible for Editor in 0.37 ms, found 1 plugins.
Preloading 0 native plugins for Editor in 0.00 ms.
Unloading 1877 Unused Serialized files (Serialized files now loaded: 0)
System memory in use before: 88.1 MB.
System memory in use after: 88.1 MB.

Unloading 19 unused Assets to reduce memory usage. Loaded Objects now: 2326.
Total: 2.802500 ms (FindLiveObjects: 0.632000 ms CreateObjectMapping: 0.207200 ms MarkObjects: 1.888000 ms  DeleteObjects: 0.073900 ms)

========================================================================
Received Import Request.
  path: Assets/Scripts/Enemy/ArmedEnemy.cs
  artifactKey: Guid(4e54485585d5286428330106c45ea99e) Importer(815301076,1909f56bfc062723c751e8b465ee728b)
Start importing Assets/Scripts/Enemy/ArmedEnemy.cs using Guid(4e54485585d5286428330106c45ea99e) Importer(815301076,1909f56bfc062723c751e8b465ee728b)  -> (artifact id: 'dece25d02de66e2256356b8ed642cab5') in 0.044991 seconds
  Import took 0.065178 seconds .

========================================================================
Received Import Request.
  Time since last request: 0.000278 seconds.
  path: Assets/Scripts/Enemy/EnemyPool.cs
  artifactKey: Guid(9fb2da0613b27034eab49cb745f677f4) Importer(815301076,1909f56bfc062723c751e8b465ee728b)
Start importing Assets/Scripts/Enemy/EnemyPool.cs using Guid(9fb2da0613b27034eab49cb745f677f4) Importer(815301076,1909f56bfc062723c751e8b465ee728b)  -> (artifact id: '981851b6e5c659cd8ff45b2ed727c504') in 0.023953 seconds
  Import took 0.027996 seconds .

========================================================================
Received Prepare
Registering precompiled user dll's ...
Registered in 0.001678 seconds.
Begin MonoManager ReloadAssembly
Native extension for WindowsStandalone target not found
Refreshing native plugins compatible for Editor in 0.35 ms, found 1 plugins.
Preloading 0 native plugins for Editor in 0.00 ms.
Invoked RoslynAnalysisRunner static constructor.
RoslynAnalysisRunner will not be running.
RoslynAnalysisRunner has terminated.
Mono: successfully reloaded assembly
- Completed reload, in  0.916 seconds
Platform modules already initialized, skipping
Refreshing native plugins compatible for Editor in 0.39 ms, found 1 plugins.
Preloading 0 native plugins for Editor in 0.00 ms.
Unloading 1854 Unused Serialized files (Serialized files now loaded: 0)
System memory in use before: 86.6 MB.
System memory in use after: 86.7 MB.

Unloading 7 unused Assets to reduce memory usage. Loaded Objects now: 2330.
Total: 2.439200 ms (FindLiveObjects: 0.245300 ms CreateObjectMapping: 0.090700 ms MarkObjects: 2.062500 ms  DeleteObjects: 0.038700 ms)

========================================================================
Received Import Request.
  Time since last request: 4690.312933 seconds.
  path: Assets/Scripts/Enemy/ArmedEnemy.cs
  artifactKey: Guid(4e54485585d5286428330106c45ea99e) Importer(815301076,1909f56bfc062723c751e8b465ee728b)
Start importing Assets/Scripts/Enemy/ArmedEnemy.cs using Guid(4e54485585d5286428330106c45ea99e) Importer(815301076,1909f56bfc062723c751e8b465ee728b)  -> (artifact id: '9fa834ba28877a081d9218d0d1911ff5') in 0.006808 seconds
  Import took 0.011662 seconds .

========================================================================
Received Import Request.
  Time since last request: 1.035749 seconds.
  path: Assets/Scripts/Enemy
  artifactKey: Guid(360b53731adc70545bd77e5c6652d2fb) Importer(815301076,1909f56bfc062723c751e8b465ee728b)
Start importing Assets/Scripts/Enemy using Guid(360b53731adc70545bd77e5c6652d2fb) Importer(815301076,1909f56bfc062723c751e8b465ee728b)  -> (artifact id: '2fc243f47b9a6d47306157a351579bc7') in 0.011404 seconds
  Import took 0.033955 seconds .

========================================================================
Received Import Request.
  Time since last request: 12.016147 seconds.
  path: Assets/Scripts/Enemy/ArmedEnemyAnimator.cs
  artifactKey: Guid(90fa66ef3e5daa14ebbfc6b759dea774) Importer(815301076,1909f56bfc062723c751e8b465ee728b)
Start importing Assets/Scripts/Enemy/ArmedEnemyAnimator.cs using Guid(90fa66ef3e5daa14ebbfc6b759dea774) Importer(815301076,1909f56bfc062723c751e8b465ee728b)  -> (artifact id: '420e1c5495ec00f74dc88aaa24b8de2e') in 0.026944 seconds
  Import took 0.033916 seconds .

========================================================================
Received Prepare
Registering precompiled user dll's ...
Registered in 0.003550 seconds.
Begin MonoManager ReloadAssembly
Native extension for WindowsStandalone target not found
Refreshing native plugins compatible for Editor in 0.35 ms, found 1 plugins.
Preloading 0 native plugins for Editor in 0.00 ms.
Invoked RoslynAnalysisRunner static constructor.
RoslynAnalysisRunner will not be running.
RoslynAnalysisRunner has terminated.
Mono: successfully reloaded assembly
- Completed reload, in  0.919 seconds
Platform modules already initialized, skipping
Refreshing native plugins compatible for Editor in 0.58 ms, found 1 plugins.
Preloading 0 native plugins for Editor in 0.00 ms.
Unloading 1855 Unused Serialized files (Serialized files now loaded: 0)
System memory in use before: 86.7 MB.
System memory in use after: 86.8 MB.

Unloading 7 unused Assets to reduce memory usage. Loaded Objects now: 2335.
Total: 2.884400 ms (FindLiveObjects: 0.287800 ms CreateObjectMapping: 0.105400 ms MarkObjects: 2.462100 ms  DeleteObjects: 0.027800 ms)

========================================================================
Received Prepare
Registering precompiled user dll's ...
Registered in 0.001071 seconds.
Begin MonoManager ReloadAssembly
Native extension for WindowsStandalone target not found
Refreshing native plugins compatible for Editor in 0.41 ms, found 1 plugins.
Preloading 0 native plugins for Editor in 0.00 ms.
Invoked RoslynAnalysisRunner static constructor.
RoslynAnalysisRunner will not be running.
RoslynAnalysisRunner has terminated.
Mono: successfully reloaded assembly
- Completed reload, in  0.895 seconds
Platform modules already initialized, skipping
Refreshing native plugins compatible for Editor in 0.40 ms, found 1 plugins.
Preloading 0 native plugins for Editor in 0.00 ms.
Unloading 1855 Unused Serialized files (Serialized files now loaded: 0)
System memory in use before: 86.7 MB.
System memory in use after: 86.8 MB.

Unloading 7 unused Assets to reduce memory usage. Loaded Objects now: 2339.
Total: 2.189300 ms (FindLiveObjects: 0.322100 ms CreateObjectMapping: 0.122000 ms MarkObjects: 1.716100 ms  DeleteObjects: 0.027500 ms)

========================================================================
Received Import Request.
  Time since last request: 229.669580 seconds.
  path: Assets/Scripts/Enemy/ArmedEnemyAnimator.cs
  artifactKey: Guid(90fa66ef3e5daa14ebbfc6b759dea774) Importer(815301076,1909f56bfc062723c751e8b465ee728b)
Start importing Assets/Scripts/Enemy/ArmedEnemyAnimator.cs using Guid(90fa66ef3e5daa14ebbfc6b759dea774) Importer(815301076,1909f56bfc062723c751e8b465ee728b)  -> (artifact id: '7768435660154bd63a235d8434c651b0') in 0.005305 seconds
  Import took 0.008936 seconds .

========================================================================
Received Import Request.
  Time since last request: 7.967345 seconds.
  path: Assets/Prefabs/Weapons/AK.prefab
  artifactKey: Guid(413e9dd71bbd2e94e93b8f9b2aef9669) Importer(815301076,1909f56bfc062723c751e8b465ee728b)
Start importing Assets/Prefabs/Weapons/AK.prefab using Guid(413e9dd71bbd2e94e93b8f9b2aef9669) Importer(815301076,1909f56bfc062723c751e8b465ee728b)  -> (artifact id: '2baff89d3b6b1fdbbea666d31a422862') in 0.126601 seconds
  Import took 0.146271 seconds .

========================================================================
Received Import Request.
  Time since last request: 0.088373 seconds.
  path: Assets/Prefabs/Weapons/AK.prefab
  artifactKey: Guid(413e9dd71bbd2e94e93b8f9b2aef9669) Importer(815301076,1909f56bfc062723c751e8b465ee728b)
Start importing Assets/Prefabs/Weapons/AK.prefab using Guid(413e9dd71bbd2e94e93b8f9b2aef9669) Importer(815301076,1909f56bfc062723c751e8b465ee728b)  -> (artifact id: '2baff89d3b6b1fdbbea666d31a422862') in 0.026185 seconds
  Import took 0.048478 seconds .

========================================================================
Received Import Request.
  Time since last request: 0.446442 seconds.
  path: Assets/Prefabs/Weapons/CarGun.prefab
  artifactKey: Guid(be8867adf83e758489981045a0d3d42a) Importer(815301076,1909f56bfc062723c751e8b465ee728b)
Start importing Assets/Prefabs/Weapons/CarGun.prefab using Guid(be8867adf83e758489981045a0d3d42a) Importer(815301076,1909f56bfc062723c751e8b465ee728b)  -> (artifact id: '07d91a23533983967005f4e15156b4cb') in 0.035724 seconds
  Import took 0.051381 seconds .

========================================================================
Received Import Request.
  Time since last request: 4.043774 seconds.
  path: Assets/Prefabs/Enemies/Boss.prefab
  artifactKey: Guid(0054b314542f14549806562bffee1141) Importer(815301076,1909f56bfc062723c751e8b465ee728b)
Start importing Assets/Prefabs/Enemies/Boss.prefab using Guid(0054b314542f14549806562bffee1141) Importer(815301076,1909f56bfc062723c751e8b465ee728b)  -> (artifact id: '77de110302ec93a43cf658b3556824a5') in 0.033373 seconds
  Import took 0.037629 seconds .

========================================================================
Received Import Request.
  Time since last request: 3.570629 seconds.
  path: Assets/Prefabs/Enemies/MPgunner.prefab
  artifactKey: Guid(a87ccf36524b6b94ba708dbfdefee378) Importer(815301076,1909f56bfc062723c751e8b465ee728b)
Start importing Assets/Prefabs/Enemies/MPgunner.prefab using Guid(a87ccf36524b6b94ba708dbfdefee378) Importer(815301076,1909f56bfc062723c751e8b465ee728b)  -> (artifact id: '0cade03fdd9df6785b7e872a02dc4ff4') in 0.038021 seconds
  Import took 0.042133 seconds .

========================================================================
Received Import Request.
  Time since last request: 0.026173 seconds.
  path: Assets/Prefabs/Enemies/MPgunner.prefab
  artifactKey: Guid(a87ccf36524b6b94ba708dbfdefee378) Importer(815301076,1909f56bfc062723c751e8b465ee728b)
Start importing Assets/Prefabs/Enemies/MPgunner.prefab using Guid(a87ccf36524b6b94ba708dbfdefee378) Importer(815301076,1909f56bfc062723c751e8b465ee728b)  -> (artifact id: '0cade03fdd9df6785b7e872a02dc4ff4') in 0.015873 seconds
  Import took 0.020110 seconds .

========================================================================
Received Import Request.
  Time since last request: 10.438005 seconds.
  path: Assets/Prefabs/Enemies/MPgunner.prefab
  artifactKey: Guid(a87ccf36524b6b94ba708dbfdefee378) Importer(815301076,1909f56bfc062723c751e8b465ee728b)
Start importing Assets/Prefabs/Enemies/MPgunner.prefab using Guid(a87ccf36524b6b94ba708dbfdefee378) Importer(815301076,1909f56bfc062723c751e8b465ee728b)  -> (artifact id: '4621847be471300cb9ed43e871e74edd') in 0.017056 seconds
  Import took 0.022385 seconds .

========================================================================
Received Import Request.
  Time since last request: 0.030031 seconds.
  path: Assets/Prefabs/Enemies/MPgunner.prefab
  artifactKey: Guid(a87ccf36524b6b94ba708dbfdefee378) Importer(815301076,1909f56bfc062723c751e8b465ee728b)
Start importing Assets/Prefabs/Enemies/MPgunner.prefab using Guid(a87ccf36524b6b94ba708dbfdefee378) Importer(815301076,1909f56bfc062723c751e8b465ee728b)  -> (artifact id: '4621847be471300cb9ed43e871e74edd') in 0.016777 seconds
  Import took 0.022000 seconds .

========================================================================
Received Import Request.
  Time since last request: 13.785377 seconds.
  path: Assets/Prefabs/Enemies/MPgunner.prefab
  artifactKey: Guid(a87ccf36524b6b94ba708dbfdefee378) Importer(815301076,1909f56bfc062723c751e8b465ee728b)
Start importing Assets/Prefabs/Enemies/MPgunner.prefab using Guid(a87ccf36524b6b94ba708dbfdefee378) Importer(815301076,1909f56bfc062723c751e8b465ee728b)  -> (artifact id: 'ff9412c22c3f9d0e409b7bd01d42e07b') in 0.018824 seconds
  Import took 0.023688 seconds .

========================================================================
Received Import Request.
  Time since last request: 4.793173 seconds.
  path: Assets/Prefabs/Enemies/MPgunner.prefab
  artifactKey: Guid(a87ccf36524b6b94ba708dbfdefee378) Importer(815301076,1909f56bfc062723c751e8b465ee728b)
Start importing Assets/Prefabs/Enemies/MPgunner.prefab using Guid(a87ccf36524b6b94ba708dbfdefee378) Importer(815301076,1909f56bfc062723c751e8b465ee728b)  -> (artifact id: 'f12f2cd4dc0491ae8dc3cfeb3fbe869f') in 0.017571 seconds
  Import took 0.032183 seconds .

========================================================================
Received Prepare
Registering precompiled user dll's ...
Registered in 0.001184 seconds.
Begin MonoManager ReloadAssembly
Native extension for WindowsStandalone target not found
Refreshing native plugins compatible for Editor in 0.38 ms, found 1 plugins.
Preloading 0 native plugins for Editor in 0.00 ms.
Invoked RoslynAnalysisRunner static constructor.
RoslynAnalysisRunner will not be running.
RoslynAnalysisRunner has terminated.
Mono: successfully reloaded assembly
- Completed reload, in  0.921 seconds
Platform modules already initialized, skipping
Refreshing native plugins compatible for Editor in 0.38 ms, found 1 plugins.
Preloading 0 native plugins for Editor in 0.00 ms.
Unloading 1855 Unused Serialized files (Serialized files now loaded: 0)
System memory in use before: 89.9 MB.
System memory in use after: 90.0 MB.

Unloading 7 unused Assets to reduce memory usage. Loaded Objects now: 2350.
Total: 2.104900 ms (FindLiveObjects: 0.274800 ms CreateObjectMapping: 0.075100 ms MarkObjects: 1.735200 ms  DeleteObjects: 0.018400 ms)

========================================================================
Received Import Request.
  Time since last request: 154.444227 seconds.
  path: Assets/Prefabs/Enemies/PistolEnemy.prefab
  artifactKey: Guid(308b2855669c3aa439a1861cb4bcc958) Importer(815301076,1909f56bfc062723c751e8b465ee728b)
Start importing Assets/Prefabs/Enemies/PistolEnemy.prefab using Guid(308b2855669c3aa439a1861cb4bcc958) Importer(815301076,1909f56bfc062723c751e8b465ee728b)  -> (artifact id: 'a5af857bc56bda8fca275843ae917f46') in 0.074129 seconds
  Import took 0.078220 seconds .

========================================================================
Received Import Request.
  Time since last request: 0.029459 seconds.
  path: Assets/Prefabs/Enemies/PistolEnemy.prefab
  artifactKey: Guid(308b2855669c3aa439a1861cb4bcc958) Importer(815301076,1909f56bfc062723c751e8b465ee728b)
Start importing Assets/Prefabs/Enemies/PistolEnemy.prefab using Guid(308b2855669c3aa439a1861cb4bcc958) Importer(815301076,1909f56bfc062723c751e8b465ee728b)  -> (artifact id: 'a5af857bc56bda8fca275843ae917f46') in 0.015588 seconds
  Import took 0.020363 seconds .

========================================================================
Received Import Request.
  Time since last request: 7.126151 seconds.
  path: Assets/Prefabs/Enemies/RifleEnemy.prefab
  artifactKey: Guid(128ec4e41ea59494ebbbe55347e522a3) Importer(815301076,1909f56bfc062723c751e8b465ee728b)
Start importing Assets/Prefabs/Enemies/RifleEnemy.prefab using Guid(128ec4e41ea59494ebbbe55347e522a3) Importer(815301076,1909f56bfc062723c751e8b465ee728b)  -> (artifact id: '1e8490a991019c4ad0e0eb3120e9e46c') in 0.038063 seconds
  Import took 0.043078 seconds .

========================================================================
Received Import Request.
  Time since last request: 0.528089 seconds.
  path: Assets/Prefabs/Enemies/SturmgunEnemy.prefab
  artifactKey: Guid(03c1966f786e7034b9ad97140ab4a6b2) Importer(815301076,1909f56bfc062723c751e8b465ee728b)
Start importing Assets/Prefabs/Enemies/SturmgunEnemy.prefab using Guid(03c1966f786e7034b9ad97140ab4a6b2) Importer(815301076,1909f56bfc062723c751e8b465ee728b)  -> (artifact id: '51e979ea914fb215274a225b958c8891') in 0.041987 seconds
  Import took 0.046674 seconds .

========================================================================
Received Import Request.
  Time since last request: 0.006543 seconds.
  path: Assets/Prefabs/Enemies/SturmgunEnemy.prefab
  artifactKey: Guid(03c1966f786e7034b9ad97140ab4a6b2) Importer(815301076,1909f56bfc062723c751e8b465ee728b)
Start importing Assets/Prefabs/Enemies/SturmgunEnemy.prefab using Guid(03c1966f786e7034b9ad97140ab4a6b2) Importer(815301076,1909f56bfc062723c751e8b465ee728b)  -> (artifact id: '51e979ea914fb215274a225b958c8891') in 0.014141 seconds
  Import took 0.018724 seconds .

========================================================================
Received Prepare
Registering precompiled user dll's ...
Registered in 0.000831 seconds.
Begin MonoManager ReloadAssembly
Native extension for WindowsStandalone target not found
Refreshing native plugins compatible for Editor in 0.36 ms, found 1 plugins.
Preloading 0 native plugins for Editor in 0.00 ms.
Invoked RoslynAnalysisRunner static constructor.
RoslynAnalysisRunner will not be running.
RoslynAnalysisRunner has terminated.
Mono: successfully reloaded assembly
- Completed reload, in  0.916 seconds
Platform modules already initialized, skipping
Refreshing native plugins compatible for Editor in 0.36 ms, found 1 plugins.
Preloading 0 native plugins for Editor in 0.00 ms.
Unloading 1855 Unused Serialized files (Serialized files now loaded: 0)
System memory in use before: 89.9 MB.
System memory in use after: 90.0 MB.

Unloading 7 unused Assets to reduce memory usage. Loaded Objects now: 2355.
Total: 2.253500 ms (FindLiveObjects: 0.347100 ms CreateObjectMapping: 0.195900 ms MarkObjects: 1.688000 ms  DeleteObjects: 0.018600 ms)

========================================================================
Received Prepare
Registering precompiled user dll's ...
Registered in 0.001172 seconds.
Begin MonoManager ReloadAssembly
Native extension for WindowsStandalone target not found
Refreshing native plugins compatible for Editor in 0.36 ms, found 1 plugins.
Preloading 0 native plugins for Editor in 0.00 ms.
Invoked RoslynAnalysisRunner static constructor.
RoslynAnalysisRunner will not be running.
RoslynAnalysisRunner has terminated.
Mono: successfully reloaded assembly
- Completed reload, in  0.859 seconds
Platform modules already initialized, skipping
Refreshing native plugins compatible for Editor in 0.38 ms, found 1 plugins.
Preloading 0 native plugins for Editor in 0.00 ms.
Unloading 1855 Unused Serialized files (Serialized files now loaded: 0)
System memory in use before: 89.9 MB.
System memory in use after: 90.0 MB.

Unloading 7 unused Assets to reduce memory usage. Loaded Objects now: 2359.
Total: 2.103500 ms (FindLiveObjects: 0.233500 ms CreateObjectMapping: 0.077600 ms MarkObjects: 1.771900 ms  DeleteObjects: 0.017600 ms)

========================================================================
Received Prepare
Registering precompiled user dll's ...
Registered in 0.000904 seconds.
Begin MonoManager ReloadAssembly
Native extension for WindowsStandalone target not found
Refreshing native plugins compatible for Editor in 0.42 ms, found 1 plugins.
Preloading 0 native plugins for Editor in 0.00 ms.
Invoked RoslynAnalysisRunner static constructor.
RoslynAnalysisRunner will not be running.
RoslynAnalysisRunner has terminated.
Mono: successfully reloaded assembly
- Completed reload, in  0.977 seconds
Platform modules already initialized, skipping
Refreshing native plugins compatible for Editor in 0.36 ms, found 1 plugins.
Preloading 0 native plugins for Editor in 0.00 ms.
Unloading 1855 Unused Serialized files (Serialized files now loaded: 0)
System memory in use before: 89.9 MB.
System memory in use after: 90.0 MB.

Unloading 7 unused Assets to reduce memory usage. Loaded Objects now: 2363.
Total: 2.211100 ms (FindLiveObjects: 0.233800 ms CreateObjectMapping: 0.109000 ms MarkObjects: 1.807200 ms  DeleteObjects: 0.059600 ms)

========================================================================
Received Prepare
Registering precompiled user dll's ...
Registered in 0.001193 seconds.
Begin MonoManager ReloadAssembly
Native extension for WindowsStandalone target not found
Refreshing native plugins compatible for Editor in 0.36 ms, found 1 plugins.
Preloading 0 native plugins for Editor in 0.00 ms.
Invoked RoslynAnalysisRunner static constructor.
RoslynAnalysisRunner will not be running.
RoslynAnalysisRunner has terminated.
Mono: successfully reloaded assembly
- Completed reload, in  0.795 seconds
Platform modules already initialized, skipping
Refreshing native plugins compatible for Editor in 0.38 ms, found 1 plugins.
Preloading 0 native plugins for Editor in 0.00 ms.
Unloading 1855 Unused Serialized files (Serialized files now loaded: 0)
System memory in use before: 89.9 MB.
System memory in use after: 90.0 MB.

Unloading 7 unused Assets to reduce memory usage. Loaded Objects now: 2367.
Total: 2.060200 ms (FindLiveObjects: 0.200000 ms CreateObjectMapping: 0.074700 ms MarkObjects: 1.763500 ms  DeleteObjects: 0.019400 ms)

========================================================================
Received Prepare
Registering precompiled user dll's ...
Registered in 0.000769 seconds.
Begin MonoManager ReloadAssembly
Native extension for WindowsStandalone target not found
Refreshing native plugins compatible for Editor in 0.57 ms, found 1 plugins.
Preloading 0 native plugins for Editor in 0.00 ms.
Invoked RoslynAnalysisRunner static constructor.
RoslynAnalysisRunner will not be running.
RoslynAnalysisRunner has terminated.
Mono: successfully reloaded assembly
- Completed reload, in  0.959 seconds
Platform modules already initialized, skipping
Refreshing native plugins compatible for Editor in 0.42 ms, found 1 plugins.
Preloading 0 native plugins for Editor in 0.00 ms.
Unloading 1855 Unused Serialized files (Serialized files now loaded: 0)
System memory in use before: 89.9 MB.
System memory in use after: 90.1 MB.

Unloading 7 unused Assets to reduce memory usage. Loaded Objects now: 2371.
Total: 2.613400 ms (FindLiveObjects: 0.333800 ms CreateObjectMapping: 0.145500 ms MarkObjects: 2.111800 ms  DeleteObjects: 0.020800 ms)

========================================================================
Received Prepare
Registering precompiled user dll's ...
Registered in 0.000914 seconds.
Begin MonoManager ReloadAssembly
Native extension for WindowsStandalone target not found
Refreshing native plugins compatible for Editor in 0.36 ms, found 1 plugins.
Preloading 0 native plugins for Editor in 0.00 ms.
Invoked RoslynAnalysisRunner static constructor.
RoslynAnalysisRunner will not be running.
RoslynAnalysisRunner has terminated.
Mono: successfully reloaded assembly
- Completed reload, in  0.861 seconds
Platform modules already initialized, skipping
Refreshing native plugins compatible for Editor in 0.38 ms, found 1 plugins.
Preloading 0 native plugins for Editor in 0.00 ms.
Unloading 1855 Unused Serialized files (Serialized files now loaded: 0)
System memory in use before: 90.0 MB.
System memory in use after: 90.1 MB.

Unloading 7 unused Assets to reduce memory usage. Loaded Objects now: 2375.
Total: 2.380900 ms (FindLiveObjects: 0.516200 ms CreateObjectMapping: 0.106500 ms MarkObjects: 1.736000 ms  DeleteObjects: 0.019100 ms)

========================================================================
Received Import Request.
  Time since last request: 7412.146187 seconds.
  path: Assets/Prefabs/Enemies/MPgunner.prefab
  artifactKey: Guid(a87ccf36524b6b94ba708dbfdefee378) Importer(815301076,1909f56bfc062723c751e8b465ee728b)
Start importing Assets/Prefabs/Enemies/MPgunner.prefab using Guid(a87ccf36524b6b94ba708dbfdefee378) Importer(815301076,1909f56bfc062723c751e8b465ee728b)  -> (artifact id: '31358ae662268bd0f7add05122d643c9') in 0.102167 seconds
  Import took 0.106140 seconds .

========================================================================
Received Import Request.
  Time since last request: 9.199076 seconds.
  path: Assets/Prefabs/Enemies/RifleEnemy.prefab
  artifactKey: Guid(128ec4e41ea59494ebbbe55347e522a3) Importer(815301076,1909f56bfc062723c751e8b465ee728b)
Start importing Assets/Prefabs/Enemies/RifleEnemy.prefab using Guid(128ec4e41ea59494ebbbe55347e522a3) Importer(815301076,1909f56bfc062723c751e8b465ee728b)  -> (artifact id: '16382f42eb0074259c7fdde06fe68a5f') in 0.020345 seconds
  Import took 0.026178 seconds .

========================================================================
Received Prepare
Registering precompiled user dll's ...
Registered in 0.000834 seconds.
Begin MonoManager ReloadAssembly
Native extension for WindowsStandalone target not found
Refreshing native plugins compatible for Editor in 0.44 ms, found 1 plugins.
Preloading 0 native plugins for Editor in 0.00 ms.
Invoked RoslynAnalysisRunner static constructor.
RoslynAnalysisRunner will not be running.
RoslynAnalysisRunner has terminated.
Mono: successfully reloaded assembly
- Completed reload, in  0.803 seconds
Platform modules already initialized, skipping
Refreshing native plugins compatible for Editor in 0.35 ms, found 1 plugins.
Preloading 0 native plugins for Editor in 0.00 ms.
Unloading 1855 Unused Serialized files (Serialized files now loaded: 0)
System memory in use before: 90.0 MB.
System memory in use after: 90.1 MB.

Unloading 7 unused Assets to reduce memory usage. Loaded Objects now: 2380.
Total: 2.326300 ms (FindLiveObjects: 0.297300 ms CreateObjectMapping: 0.083700 ms MarkObjects: 1.924200 ms  DeleteObjects: 0.019200 ms)

========================================================================
Received Prepare
Registering precompiled user dll's ...
Registered in 0.000889 seconds.
Begin MonoManager ReloadAssembly
Native extension for WindowsStandalone target not found
Refreshing native plugins compatible for Editor in 0.36 ms, found 1 plugins.
Preloading 0 native plugins for Editor in 0.00 ms.
Invoked RoslynAnalysisRunner static constructor.
RoslynAnalysisRunner will not be running.
RoslynAnalysisRunner has terminated.
Mono: successfully reloaded assembly
- Completed reload, in  0.918 seconds
Platform modules already initialized, skipping
Refreshing native plugins compatible for Editor in 0.74 ms, found 1 plugins.
Preloading 0 native plugins for Editor in 0.00 ms.
Unloading 1855 Unused Serialized files (Serialized files now loaded: 0)
System memory in use before: 90.0 MB.
System memory in use after: 90.1 MB.

Unloading 7 unused Assets to reduce memory usage. Loaded Objects now: 2384.
Total: 4.740500 ms (FindLiveObjects: 2.055900 ms CreateObjectMapping: 0.232100 ms MarkObjects: 2.430100 ms  DeleteObjects: 0.019900 ms)

========================================================================
Received Prepare
Registering precompiled user dll's ...
Registered in 0.001137 seconds.
Begin MonoManager ReloadAssembly
Native extension for WindowsStandalone target not found
Refreshing native plugins compatible for Editor in 0.35 ms, found 1 plugins.
Preloading 0 native plugins for Editor in 0.00 ms.
Invoked RoslynAnalysisRunner static constructor.
RoslynAnalysisRunner will not be running.
RoslynAnalysisRunner has terminated.
Mono: successfully reloaded assembly
- Completed reload, in  0.885 seconds
Platform modules already initialized, skipping
Refreshing native plugins compatible for Editor in 0.38 ms, found 1 plugins.
Preloading 0 native plugins for Editor in 0.00 ms.
Unloading 1855 Unused Serialized files (Serialized files now loaded: 0)
System memory in use before: 90.0 MB.
System memory in use after: 90.1 MB.

Unloading 7 unused Assets to reduce memory usage. Loaded Objects now: 2388.
Total: 2.308200 ms (FindLiveObjects: 0.193400 ms CreateObjectMapping: 0.076400 ms MarkObjects: 2.017200 ms  DeleteObjects: 0.019700 ms)

========================================================================
Received Prepare
Registering precompiled user dll's ...
Registered in 0.001137 seconds.
Begin MonoManager ReloadAssembly
Native extension for WindowsStandalone target not found
Refreshing native plugins compatible for Editor in 0.77 ms, found 1 plugins.
Preloading 0 native plugins for Editor in 0.00 ms.
Invoked RoslynAnalysisRunner static constructor.
RoslynAnalysisRunner will not be running.
RoslynAnalysisRunner has terminated.
Mono: successfully reloaded assembly
- Completed reload, in  1.156 seconds
Platform modules already initialized, skipping
Refreshing native plugins compatible for Editor in 0.39 ms, found 1 plugins.
Preloading 0 native plugins for Editor in 0.00 ms.
Unloading 1855 Unused Serialized files (Serialized files now loaded: 0)
System memory in use before: 90.0 MB.
System memory in use after: 90.1 MB.

Unloading 7 unused Assets to reduce memory usage. Loaded Objects now: 2392.
Total: 2.388800 ms (FindLiveObjects: 0.384500 ms CreateObjectMapping: 0.155000 ms MarkObjects: 1.822300 ms  DeleteObjects: 0.025300 ms)

========================================================================
Received Prepare
Registering precompiled user dll's ...
Registered in 0.001169 seconds.
Begin MonoManager ReloadAssembly
Native extension for WindowsStandalone target not found
Refreshing native plugins compatible for Editor in 0.44 ms, found 1 plugins.
Preloading 0 native plugins for Editor in 0.00 ms.
Invoked RoslynAnalysisRunner static constructor.
RoslynAnalysisRunner will not be running.
RoslynAnalysisRunner has terminated.
Mono: successfully reloaded assembly
- Completed reload, in  0.881 seconds
Platform modules already initialized, skipping
Refreshing native plugins compatible for Editor in 0.36 ms, found 1 plugins.
Preloading 0 native plugins for Editor in 0.00 ms.
Unloading 1855 Unused Serialized files (Serialized files now loaded: 0)
System memory in use before: 90.0 MB.
System memory in use after: 90.1 MB.

Unloading 7 unused Assets to reduce memory usage. Loaded Objects now: 2396.
Total: 2.127800 ms (FindLiveObjects: 0.320500 ms CreateObjectMapping: 0.082000 ms MarkObjects: 1.706300 ms  DeleteObjects: 0.016700 ms)

========================================================================
Received Prepare
Registering precompiled user dll's ...
Registered in 0.001106 seconds.
Begin MonoManager ReloadAssembly
Native extension for WindowsStandalone target not found
Refreshing native plugins compatible for Editor in 0.37 ms, found 1 plugins.
Preloading 0 native plugins for Editor in 0.00 ms.
Invoked RoslynAnalysisRunner static constructor.
RoslynAnalysisRunner will not be running.
RoslynAnalysisRunner has terminated.
Mono: successfully reloaded assembly
- Completed reload, in  1.063 seconds
Platform modules already initialized, skipping
Refreshing native plugins compatible for Editor in 0.36 ms, found 1 plugins.
Preloading 0 native plugins for Editor in 0.00 ms.
Unloading 1855 Unused Serialized files (Serialized files now loaded: 0)
System memory in use before: 90.0 MB.
System memory in use after: 90.1 MB.

Unloading 7 unused Assets to reduce memory usage. Loaded Objects now: 2400.
Total: 2.781100 ms (FindLiveObjects: 0.585700 ms CreateObjectMapping: 0.283700 ms MarkObjects: 1.888100 ms  DeleteObjects: 0.021400 ms)

========================================================================
Received Import Request.
  Time since last request: 2728.958560 seconds.
  path: Assets/Prefabs/Enemies/PistolEnemy.prefab
  artifactKey: Guid(308b2855669c3aa439a1861cb4bcc958) Importer(815301076,1909f56bfc062723c751e8b465ee728b)
Start importing Assets/Prefabs/Enemies/PistolEnemy.prefab using Guid(308b2855669c3aa439a1861cb4bcc958) Importer(815301076,1909f56bfc062723c751e8b465ee728b)  -> (artifact id: '578028c2d9aad65125ca17086eb2b7e6') in 0.082304 seconds
  Import took 0.103063 seconds .

========================================================================
Received Prepare
Registering precompiled user dll's ...
Registered in 0.000801 seconds.
Begin MonoManager ReloadAssembly
Native extension for WindowsStandalone target not found
Refreshing native plugins compatible for Editor in 0.36 ms, found 1 plugins.
Preloading 0 native plugins for Editor in 0.00 ms.
Invoked RoslynAnalysisRunner static constructor.
RoslynAnalysisRunner will not be running.
RoslynAnalysisRunner has terminated.
Mono: successfully reloaded assembly
- Completed reload, in  0.938 seconds
Platform modules already initialized, skipping
Refreshing native plugins compatible for Editor in 0.45 ms, found 1 plugins.
Preloading 0 native plugins for Editor in 0.00 ms.
Unloading 1855 Unused Serialized files (Serialized files now loaded: 0)
System memory in use before: 90.0 MB.
System memory in use after: 90.1 MB.

Unloading 7 unused Assets to reduce memory usage. Loaded Objects now: 2405.
Total: 2.420400 ms (FindLiveObjects: 0.274200 ms CreateObjectMapping: 0.144800 ms MarkObjects: 1.982500 ms  DeleteObjects: 0.017200 ms)

========================================================================
Received Import Request.
  Time since last request: 73.553087 seconds.
  path: Assets/Prefabs/Enemies/Obstacle.prefab
  artifactKey: Guid(acb7a6207a43ed445a2e4270312e2810) Importer(815301076,1909f56bfc062723c751e8b465ee728b)
Start importing Assets/Prefabs/Enemies/Obstacle.prefab using Guid(acb7a6207a43ed445a2e4270312e2810) Importer(815301076,1909f56bfc062723c751e8b465ee728b)  -> (artifact id: 'a0d1183222f45d66ee24e196160f823c') in 0.090530 seconds
  Import took 0.124090 seconds .

========================================================================
Received Prepare
Registering precompiled user dll's ...
Registered in 0.000813 seconds.
Begin MonoManager ReloadAssembly
Native extension for WindowsStandalone target not found
Refreshing native plugins compatible for Editor in 0.35 ms, found 1 plugins.
Preloading 0 native plugins for Editor in 0.00 ms.
Invoked RoslynAnalysisRunner static constructor.
RoslynAnalysisRunner will not be running.
RoslynAnalysisRunner has terminated.
Mono: successfully reloaded assembly
- Completed reload, in  0.962 seconds
Platform modules already initialized, skipping
Refreshing native plugins compatible for Editor in 0.36 ms, found 1 plugins.
Preloading 0 native plugins for Editor in 0.00 ms.
Unloading 1855 Unused Serialized files (Serialized files now loaded: 0)
System memory in use before: 90.2 MB.
System memory in use after: 90.4 MB.

Unloading 7 unused Assets to reduce memory usage. Loaded Objects now: 2410.
Total: 2.151900 ms (FindLiveObjects: 0.326600 ms CreateObjectMapping: 0.112300 ms MarkObjects: 1.691400 ms  DeleteObjects: 0.019800 ms)

========================================================================
Received Prepare
Registering precompiled user dll's ...
Registered in 0.001256 seconds.
Begin MonoManager ReloadAssembly
Native extension for WindowsStandalone target not found
Refreshing native plugins compatible for Editor in 0.40 ms, found 1 plugins.
Preloading 0 native plugins for Editor in 0.00 ms.
Invoked RoslynAnalysisRunner static constructor.
RoslynAnalysisRunner will not be running.
RoslynAnalysisRunner has terminated.
Mono: successfully reloaded assembly
- Completed reload, in  0.929 seconds
Platform modules already initialized, skipping
Refreshing native plugins compatible for Editor in 0.43 ms, found 1 plugins.
Preloading 0 native plugins for Editor in 0.00 ms.
Unloading 1855 Unused Serialized files (Serialized files now loaded: 0)
System memory in use before: 90.2 MB.
System memory in use after: 90.4 MB.

Unloading 7 unused Assets to reduce memory usage. Loaded Objects now: 2414.
Total: 3.437800 ms (FindLiveObjects: 1.024900 ms CreateObjectMapping: 0.238600 ms MarkObjects: 2.147900 ms  DeleteObjects: 0.023000 ms)

========================================================================
Received Prepare
Registering precompiled user dll's ...
Registered in 0.000821 seconds.
Begin MonoManager ReloadAssembly
Native extension for WindowsStandalone target not found
Refreshing native plugins compatible for Editor in 0.54 ms, found 1 plugins.
Preloading 0 native plugins for Editor in 0.00 ms.
Invoked RoslynAnalysisRunner static constructor.
RoslynAnalysisRunner will not be running.
RoslynAnalysisRunner has terminated.
Mono: successfully reloaded assembly
- Completed reload, in  0.946 seconds
Platform modules already initialized, skipping
Refreshing native plugins compatible for Editor in 0.55 ms, found 1 plugins.
Preloading 0 native plugins for Editor in 0.00 ms.
Unloading 1855 Unused Serialized files (Serialized files now loaded: 0)
System memory in use before: 90.3 MB.
System memory in use after: 90.4 MB.

Unloading 7 unused Assets to reduce memory usage. Loaded Objects now: 2418.
Total: 2.664600 ms (FindLiveObjects: 0.339400 ms CreateObjectMapping: 0.092200 ms MarkObjects: 2.212300 ms  DeleteObjects: 0.017300 ms)

========================================================================
Received Import Request.
  Time since last request: 439.468868 seconds.
  path: Assets/Prefabs/Enemies/PistolEnemy.prefab
  artifactKey: Guid(308b2855669c3aa439a1861cb4bcc958) Importer(815301076,1909f56bfc062723c751e8b465ee728b)
Start importing Assets/Prefabs/Enemies/PistolEnemy.prefab using Guid(308b2855669c3aa439a1861cb4bcc958) Importer(815301076,1909f56bfc062723c751e8b465ee728b)  -> (artifact id: 'ad273a12ff16b11291bac84b721d3163') in 0.086345 seconds
  Import took 0.093390 seconds .

========================================================================
Received Import Request.
  Time since last request: 570.058006 seconds.
  path: Assets
  artifactKey: Guid(00000000000000001000000000000000) Importer(815301076,1909f56bfc062723c751e8b465ee728b)
Start importing Assets using Guid(00000000000000001000000000000000) Importer(815301076,1909f56bfc062723c751e8b465ee728b)  -> (artifact id: 'f89434ac489deb914593f829e0a47671') in 0.013027 seconds
  Import took 0.022095 seconds .

========================================================================
Received Import Request.
  Time since last request: 6.697702 seconds.
  path: Assets/Sounds
  artifactKey: Guid(c90a7a9474a7fb148a9ccc07e80a5898) Importer(815301076,1909f56bfc062723c751e8b465ee728b)
Start importing Assets/Sounds using Guid(c90a7a9474a7fb148a9ccc07e80a5898) Importer(815301076,1909f56bfc062723c751e8b465ee728b)  -> (artifact id: '8eea751ce96788abb102a9ddc6ed3248') in 0.011413 seconds
  Import took 0.028671 seconds .

========================================================================
Received Import Request.
  Time since last request: 70.872090 seconds.
  path: Assets/Sounds/AK.mp3
  artifactKey: Guid(7b22de837485c554a9dd3a76bbae0739) Importer(815301076,1909f56bfc062723c751e8b465ee728b)
Start importing Assets/Sounds/AK.mp3 using Guid(7b22de837485c554a9dd3a76bbae0739) Importer(815301076,1909f56bfc062723c751e8b465ee728b)  -> (artifact id: 'be7b74a0b9bd961b51525a58557a63c8') in 0.048368 seconds
  Import took 0.071099 seconds .

========================================================================
Received Import Request.
  Time since last request: 0.000211 seconds.
  path: Assets/Sounds/Click.mp3
  artifactKey: Guid(7bb1400d2c90f0243a3f5001dbb633a8) Importer(815301076,1909f56bfc062723c751e8b465ee728b)
Start importing Assets/Sounds/Click.mp3 using Guid(7bb1400d2c90f0243a3f5001dbb633a8) Importer(815301076,1909f56bfc062723c751e8b465ee728b)  -> (artifact id: 'e19ad5d963575468904c875e9e63bc91') in 0.048355 seconds
  Import took 0.053774 seconds .

========================================================================
Received Import Request.
  Time since last request: 0.000753 seconds.
  path: Assets/Sounds/Rifle2.mp3
  artifactKey: Guid(9fc47bfd688aeba4bb7f706cef65cf8c) Importer(815301076,1909f56bfc062723c751e8b465ee728b)
Start importing Assets/Sounds/Rifle2.mp3 using Guid(9fc47bfd688aeba4bb7f706cef65cf8c) Importer(815301076,1909f56bfc062723c751e8b465ee728b)  -> (artifact id: '8fea6f6c318aea33cf47f1c887d85958') in 0.023585 seconds
  Import took 0.027518 seconds .

========================================================================
Received Import Request.
  Time since last request: 0.000218 seconds.
  path: Assets/Sounds/makai-symphony-dragon-slayer.mp3
  artifactKey: Guid(842e968b42c9ade4294725c42e6ad118) Importer(815301076,1909f56bfc062723c751e8b465ee728b)
Start importing Assets/Sounds/makai-symphony-dragon-slayer.mp3 using Guid(842e968b42c9ade4294725c42e6ad118) Importer(815301076,1909f56bfc062723c751e8b465ee728b)  -> (artifact id: 'e67e9e46c5bec04b872300265ff620c2') in 0.015594 seconds
  Import took 0.021068 seconds .

========================================================================
Received Import Request.
  Time since last request: 0.000258 seconds.
  path: Assets/Sounds/Pistol.mp3
  artifactKey: Guid(560e8e71b77fec941bf2ed435a35faf3) Importer(815301076,1909f56bfc062723c751e8b465ee728b)
Start importing Assets/Sounds/Pistol.mp3 using Guid(560e8e71b77fec941bf2ed435a35faf3) Importer(815301076,1909f56bfc062723c751e8b465ee728b)  -> (artifact id: '34f7ce18296222d6432359f8b337c99a') in 0.025983 seconds
  Import took 0.053132 seconds .

========================================================================
Received Import Request.
  Time since last request: 0.000188 seconds.
  path: Assets/Sounds/Reload.mp3
  artifactKey: Guid(5d49c73c8d66e0a41beeef049aa58c22) Importer(815301076,1909f56bfc062723c751e8b465ee728b)
Start importing Assets/Sounds/Reload.mp3 using Guid(5d49c73c8d66e0a41beeef049aa58c22) Importer(815301076,1909f56bfc062723c751e8b465ee728b)  -> (artifact id: '1a4b4af362975e342597b8bb1f56cec0') in 0.022741 seconds
  Import took 0.037193 seconds .

========================================================================
Received Import Request.
  Time since last request: 0.000235 seconds.
  path: Assets/Sounds/Monplaisir_-_36_-_Sticky_and_Addictive.mp3
  artifactKey: Guid(d4c12d3f1ce2741499504bafe88c61fa) Importer(815301076,1909f56bfc062723c751e8b465ee728b)
Start importing Assets/Sounds/Monplaisir_-_36_-_Sticky_and_Addictive.mp3 using Guid(d4c12d3f1ce2741499504bafe88c61fa) Importer(815301076,1909f56bfc062723c751e8b465ee728b)  -> (artifact id: 'bccbb85621c7376df53ebfc67a56f182') in 0.020945 seconds
  Import took 0.028042 seconds .

========================================================================
Received Import Request.
  Time since last request: 0.000201 seconds.
  path: Assets/Sounds/Rifle.mp3
  artifactKey: Guid(efb00ee314addf341ad9f8d14df7af32) Importer(815301076,1909f56bfc062723c751e8b465ee728b)
Start importing Assets/Sounds/Rifle.mp3 using Guid(efb00ee314addf341ad9f8d14df7af32) Importer(815301076,1909f56bfc062723c751e8b465ee728b)  -> (artifact id: '28a6d3006e7267e11e8c8428f5790ff3') in 0.023646 seconds
  Import took 0.028676 seconds .

========================================================================
Received Import Request.
  Time since last request: 0.000259 seconds.
  path: Assets/Sounds/alexander-nakarada-chase.mp3
  artifactKey: Guid(80e4db232761d2a4e8d48dcf3db6191d) Importer(815301076,1909f56bfc062723c751e8b465ee728b)
Start importing Assets/Sounds/alexander-nakarada-chase.mp3 using Guid(80e4db232761d2a4e8d48dcf3db6191d) Importer(815301076,1909f56bfc062723c751e8b465ee728b)  -> (artifact id: 'cdf9acd13e6e76e61ebd83f5dca6f34f') in 0.021446 seconds
  Import took 0.026054 seconds .

========================================================================
Received Import Request.
  Time since last request: 0.000212 seconds.
  path: Assets/Sounds/autoPistol.mp3
  artifactKey: Guid(81788a942b3eca94c87d3147f7dcc6d8) Importer(815301076,1909f56bfc062723c751e8b465ee728b)
Start importing Assets/Sounds/autoPistol.mp3 using Guid(81788a942b3eca94c87d3147f7dcc6d8) Importer(815301076,1909f56bfc062723c751e8b465ee728b)  -> (artifact id: '797ff54aff13e78f31c39775a97b6a19') in 0.017060 seconds
  Import took 0.021212 seconds .

========================================================================
Received Import Request.
  Time since last request: 89.443619 seconds.
  path: Assets/Scripts/Weapons/SingleGun.cs
  artifactKey: Guid(41490e9d7c4957346a2f701df5e2c7f2) Importer(815301076,1909f56bfc062723c751e8b465ee728b)
Start importing Assets/Scripts/Weapons/SingleGun.cs using Guid(41490e9d7c4957346a2f701df5e2c7f2) Importer(815301076,1909f56bfc062723c751e8b465ee728b)  -> (artifact id: '39b0d2a5efa43d86d883105bf49570ba') in 0.036979 seconds
  Import took 0.050847 seconds .

========================================================================
Received Prepare
Registering precompiled user dll's ...
Registered in 0.000878 seconds.
Begin MonoManager ReloadAssembly
Native extension for WindowsStandalone target not found
Refreshing native plugins compatible for Editor in 0.36 ms, found 1 plugins.
Preloading 0 native plugins for Editor in 0.00 ms.
Invoked RoslynAnalysisRunner static constructor.
RoslynAnalysisRunner will not be running.
RoslynAnalysisRunner has terminated.
Mono: successfully reloaded assembly
- Completed reload, in  0.893 seconds
Platform modules already initialized, skipping
Refreshing native plugins compatible for Editor in 0.36 ms, found 1 plugins.
Preloading 0 native plugins for Editor in 0.00 ms.
Unloading 1855 Unused Serialized files (Serialized files now loaded: 0)
System memory in use before: 90.3 MB.
System memory in use after: 90.4 MB.

Unloading 7 unused Assets to reduce memory usage. Loaded Objects now: 2425.
Total: 2.563000 ms (FindLiveObjects: 0.609900 ms CreateObjectMapping: 0.159000 ms MarkObjects: 1.772800 ms  DeleteObjects: 0.019800 ms)

========================================================================
Received Import Request.
  Time since last request: 72.505837 seconds.
  path: Assets/Prefabs/Weapons/Colt.prefab
  artifactKey: Guid(194fd2fd535c4c948a41b3dbdb93e4d2) Importer(815301076,1909f56bfc062723c751e8b465ee728b)
Start importing Assets/Prefabs/Weapons/Colt.prefab using Guid(194fd2fd535c4c948a41b3dbdb93e4d2) Importer(815301076,1909f56bfc062723c751e8b465ee728b)  -> (artifact id: '6ab3c6cd4b652e432c8e60597cbe0c3a') in 0.087458 seconds
  Import took 0.091401 seconds .

========================================================================
Received Import Request.
  Time since last request: 0.019362 seconds.
  path: Assets/Prefabs/Weapons/Colt.prefab
  artifactKey: Guid(194fd2fd535c4c948a41b3dbdb93e4d2) Importer(815301076,1909f56bfc062723c751e8b465ee728b)
Start importing Assets/Prefabs/Weapons/Colt.prefab using Guid(194fd2fd535c4c948a41b3dbdb93e4d2) Importer(815301076,1909f56bfc062723c751e8b465ee728b)  -> (artifact id: '6ab3c6cd4b652e432c8e60597cbe0c3a') in 0.016012 seconds
  Import took 0.020524 seconds .

========================================================================
Received Import Request.
  Time since last request: 0.027119 seconds.
  path: Assets/Prefabs/Weapons/AK.prefab
  artifactKey: Guid(413e9dd71bbd2e94e93b8f9b2aef9669) Importer(815301076,1909f56bfc062723c751e8b465ee728b)
Start importing Assets/Prefabs/Weapons/AK.prefab using Guid(413e9dd71bbd2e94e93b8f9b2aef9669) Importer(815301076,1909f56bfc062723c751e8b465ee728b)  -> (artifact id: '721ba3d96b58ffaa9af43adf8022901e') in 0.025458 seconds
  Import took 0.039759 seconds .

========================================================================
Received Import Request.
  Time since last request: 0.000224 seconds.
  path: Assets/Prefabs/Weapons/Springfield.prefab
  artifactKey: Guid(562fefa09061bed43bac6feb717ea76b) Importer(815301076,1909f56bfc062723c751e8b465ee728b)
Start importing Assets/Prefabs/Weapons/Springfield.prefab using Guid(562fefa09061bed43bac6feb717ea76b) Importer(815301076,1909f56bfc062723c751e8b465ee728b)  -> (artifact id: '565ec9593a79be840988f3a02186e818') in 0.042201 seconds
  Import took 0.045653 seconds .

========================================================================
Received Import Request.
  Time since last request: 0.000206 seconds.
  path: Assets/Prefabs/Weapons/CarGun.prefab
  artifactKey: Guid(be8867adf83e758489981045a0d3d42a) Importer(815301076,1909f56bfc062723c751e8b465ee728b)
Start importing Assets/Prefabs/Weapons/CarGun.prefab using Guid(be8867adf83e758489981045a0d3d42a) Importer(815301076,1909f56bfc062723c751e8b465ee728b)  -> (artifact id: '8f23f58b87e8b63eff8321e6ce800ad1') in 0.011451 seconds
  Import took 0.015702 seconds .

========================================================================
Received Import Request.
  Time since last request: 0.000243 seconds.
  path: Assets/Prefabs/Weapons/Tompson.prefab
  artifactKey: Guid(2744568749072e2479f65defa216559d) Importer(815301076,1909f56bfc062723c751e8b465ee728b)
Start importing Assets/Prefabs/Weapons/Tompson.prefab using Guid(2744568749072e2479f65defa216559d) Importer(815301076,1909f56bfc062723c751e8b465ee728b)  -> (artifact id: 'ccdc019703d1313b61a76abb85112ee4') in 0.028796 seconds
  Import took 0.040104 seconds .

========================================================================
Received Import Request.
  Time since last request: 0.000225 seconds.
  path: Assets/Prefabs/Weapons/Springfield.prefab
  artifactKey: Guid(562fefa09061bed43bac6feb717ea76b) Importer(815301076,1909f56bfc062723c751e8b465ee728b)
Start importing Assets/Prefabs/Weapons/Springfield.prefab using Guid(562fefa09061bed43bac6feb717ea76b) Importer(815301076,1909f56bfc062723c751e8b465ee728b)  -> (artifact id: '565ec9593a79be840988f3a02186e818') in 0.014608 seconds
  Import took 0.018525 seconds .

========================================================================
Received Import Request.
  Time since last request: 0.013763 seconds.
  path: Assets/Prefabs/Weapons/Tompson.prefab
  artifactKey: Guid(2744568749072e2479f65defa216559d) Importer(815301076,1909f56bfc062723c751e8b465ee728b)
Start importing Assets/Prefabs/Weapons/Tompson.prefab using Guid(2744568749072e2479f65defa216559d) Importer(815301076,1909f56bfc062723c751e8b465ee728b)  -> (artifact id: 'ccdc019703d1313b61a76abb85112ee4') in 0.015266 seconds
  Import took 0.019579 seconds .

========================================================================
Received Import Request.
  Time since last request: 14.083240 seconds.
  path: Assets/Prefabs/Weapons/Colt.prefab
  artifactKey: Guid(194fd2fd535c4c948a41b3dbdb93e4d2) Importer(815301076,1909f56bfc062723c751e8b465ee728b)
Start importing Assets/Prefabs/Weapons/Colt.prefab using Guid(194fd2fd535c4c948a41b3dbdb93e4d2) Importer(815301076,1909f56bfc062723c751e8b465ee728b)  -> (artifact id: 'ed70b15bfb3ab321d9bc07e8e68284a9') in 0.022792 seconds
  Import took 0.026691 seconds .

========================================================================
Received Import Request.
  Time since last request: 1.992307 seconds.
  path: Assets/Prefabs/Weapons/Colt.prefab
  artifactKey: Guid(194fd2fd535c4c948a41b3dbdb93e4d2) Importer(815301076,1909f56bfc062723c751e8b465ee728b)
Start importing Assets/Prefabs/Weapons/Colt.prefab using Guid(194fd2fd535c4c948a41b3dbdb93e4d2) Importer(815301076,1909f56bfc062723c751e8b465ee728b)  -> (artifact id: 'd450df9115d3dc2034a49b53daa85c59') in 0.020598 seconds
  Import took 0.029039 seconds .

========================================================================
Received Import Request.
  Time since last request: 9.088463 seconds.
  path: Assets/Prefabs/Weapons/Colt.prefab
  artifactKey: Guid(194fd2fd535c4c948a41b3dbdb93e4d2) Importer(815301076,1909f56bfc062723c751e8b465ee728b)
Start importing Assets/Prefabs/Weapons/Colt.prefab using Guid(194fd2fd535c4c948a41b3dbdb93e4d2) Importer(815301076,1909f56bfc062723c751e8b465ee728b)  -> (artifact id: 'c907ae5a8f8761302f50642af27dfa9d') in 0.016950 seconds
  Import took 0.021061 seconds .

========================================================================
Received Import Request.
  Time since last request: 8.525477 seconds.
  path: Assets/Prefabs/Weapons/Colt.prefab
  artifactKey: Guid(194fd2fd535c4c948a41b3dbdb93e4d2) Importer(815301076,1909f56bfc062723c751e8b465ee728b)
Start importing Assets/Prefabs/Weapons/Colt.prefab using Guid(194fd2fd535c4c948a41b3dbdb93e4d2) Importer(815301076,1909f56bfc062723c751e8b465ee728b)  -> (artifact id: 'ff92a0f1dd9732a713c7b651edd17a2b') in 0.019084 seconds
  Import took 0.023113 seconds .

========================================================================
Received Import Request.
  Time since last request: 14.457931 seconds.
  path: Assets/Prefabs/Weapons/Colt.prefab
  artifactKey: Guid(194fd2fd535c4c948a41b3dbdb93e4d2) Importer(815301076,1909f56bfc062723c751e8b465ee728b)
Start importing Assets/Prefabs/Weapons/Colt.prefab using Guid(194fd2fd535c4c948a41b3dbdb93e4d2) Importer(815301076,1909f56bfc062723c751e8b465ee728b)  -> (artifact id: 'dbff8c0bd93ba72a7ec4bc26f1d54271') in 0.016822 seconds
  Import took 0.020735 seconds .

========================================================================
Received Import Request.
  Time since last request: 6.511321 seconds.
  path: Assets/Prefabs/Weapons/Colt.prefab
  artifactKey: Guid(194fd2fd535c4c948a41b3dbdb93e4d2) Importer(815301076,1909f56bfc062723c751e8b465ee728b)
Start importing Assets/Prefabs/Weapons/Colt.prefab using Guid(194fd2fd535c4c948a41b3dbdb93e4d2) Importer(815301076,1909f56bfc062723c751e8b465ee728b)  -> (artifact id: 'b679d3c726e8297014ece0f575dc1379') in 0.016084 seconds
  Import took 0.025716 seconds .

========================================================================
Received Import Request.
  Time since last request: 14.860471 seconds.
  path: Assets/Prefabs/Weapons/Colt.prefab
  artifactKey: Guid(194fd2fd535c4c948a41b3dbdb93e4d2) Importer(815301076,1909f56bfc062723c751e8b465ee728b)
Start importing Assets/Prefabs/Weapons/Colt.prefab using Guid(194fd2fd535c4c948a41b3dbdb93e4d2) Importer(815301076,1909f56bfc062723c751e8b465ee728b)  -> (artifact id: 'e43b061da52e1dee829bbbd756464a2e') in 0.017585 seconds
  Import took 0.032343 seconds .

========================================================================
Received Import Request.
  Time since last request: 5.826953 seconds.
  path: Assets/Prefabs/Weapons/Colt.prefab
  artifactKey: Guid(194fd2fd535c4c948a41b3dbdb93e4d2) Importer(815301076,1909f56bfc062723c751e8b465ee728b)
Start importing Assets/Prefabs/Weapons/Colt.prefab using Guid(194fd2fd535c4c948a41b3dbdb93e4d2) Importer(815301076,1909f56bfc062723c751e8b465ee728b)  -> (artifact id: '42238cdc5ae223c63253e7d435ce1ce8') in 0.018587 seconds
  Import took 0.024005 seconds .

========================================================================
Received Prepare
Registering precompiled user dll's ...
Registered in 0.000790 seconds.
Begin MonoManager ReloadAssembly
Native extension for WindowsStandalone target not found
Refreshing native plugins compatible for Editor in 0.38 ms, found 1 plugins.
Preloading 0 native plugins for Editor in 0.00 ms.
Invoked RoslynAnalysisRunner static constructor.
RoslynAnalysisRunner will not be running.
RoslynAnalysisRunner has terminated.
Mono: successfully reloaded assembly
- Completed reload, in  0.938 seconds
Platform modules already initialized, skipping
Refreshing native plugins compatible for Editor in 0.41 ms, found 1 plugins.
Preloading 0 native plugins for Editor in 0.00 ms.
Unloading 1855 Unused Serialized files (Serialized files now loaded: 0)
System memory in use before: 90.4 MB.
System memory in use after: 90.5 MB.

Unloading 7 unused Assets to reduce memory usage. Loaded Objects now: 2430.
Total: 2.463400 ms (FindLiveObjects: 0.396800 ms CreateObjectMapping: 0.112200 ms MarkObjects: 1.928100 ms  DeleteObjects: 0.023700 ms)

========================================================================
Received Prepare
Registering precompiled user dll's ...
Registered in 0.000845 seconds.
Begin MonoManager ReloadAssembly
Native extension for WindowsStandalone target not found
Refreshing native plugins compatible for Editor in 0.40 ms, found 1 plugins.
Preloading 0 native plugins for Editor in 0.00 ms.
Invoked RoslynAnalysisRunner static constructor.
RoslynAnalysisRunner will not be running.
RoslynAnalysisRunner has terminated.
Mono: successfully reloaded assembly
- Completed reload, in  0.881 seconds
Platform modules already initialized, skipping
Refreshing native plugins compatible for Editor in 0.37 ms, found 1 plugins.
Preloading 0 native plugins for Editor in 0.00 ms.
Unloading 1855 Unused Serialized files (Serialized files now loaded: 0)
System memory in use before: 90.4 MB.
System memory in use after: 90.5 MB.

Unloading 7 unused Assets to reduce memory usage. Loaded Objects now: 2434.
Total: 2.301900 ms (FindLiveObjects: 0.398900 ms CreateObjectMapping: 0.176500 ms MarkObjects: 1.704700 ms  DeleteObjects: 0.018500 ms)

========================================================================
Received Import Request.
  Time since last request: 53.193732 seconds.
  path: Assets/Prefabs/Weapons/Tompson.prefab
  artifactKey: Guid(2744568749072e2479f65defa216559d) Importer(815301076,1909f56bfc062723c751e8b465ee728b)
Start importing Assets/Prefabs/Weapons/Tompson.prefab using Guid(2744568749072e2479f65defa216559d) Importer(815301076,1909f56bfc062723c751e8b465ee728b)  -> (artifact id: '2eb55a88db9ee8df5413eee9c9bee2b4') in 0.063097 seconds
  Import took 0.073006 seconds .

========================================================================
Received Import Request.
  Time since last request: 6.009224 seconds.
  path: Assets/Prefabs/Weapons/Tompson.prefab
  artifactKey: Guid(2744568749072e2479f65defa216559d) Importer(815301076,1909f56bfc062723c751e8b465ee728b)
Start importing Assets/Prefabs/Weapons/Tompson.prefab using Guid(2744568749072e2479f65defa216559d) Importer(815301076,1909f56bfc062723c751e8b465ee728b)  -> (artifact id: 'c1136c08bbc25672d2a821243924a641') in 0.015711 seconds
  Import took 0.027812 seconds .

========================================================================
Received Import Request.
  Time since last request: 3.251626 seconds.
  path: Assets/Prefabs/Weapons/Tompson.prefab
  artifactKey: Guid(2744568749072e2479f65defa216559d) Importer(815301076,1909f56bfc062723c751e8b465ee728b)
Start importing Assets/Prefabs/Weapons/Tompson.prefab using Guid(2744568749072e2479f65defa216559d) Importer(815301076,1909f56bfc062723c751e8b465ee728b)  -> (artifact id: 'd7e8ca66376e5471eb8b185a33b9b3b0') in 0.017602 seconds
  Import took 0.021875 seconds .

========================================================================
Received Import Request.
  Time since last request: 7.039123 seconds.
  path: Assets/Prefabs/Weapons/Tompson.prefab
  artifactKey: Guid(2744568749072e2479f65defa216559d) Importer(815301076,1909f56bfc062723c751e8b465ee728b)
Start importing Assets/Prefabs/Weapons/Tompson.prefab using Guid(2744568749072e2479f65defa216559d) Importer(815301076,1909f56bfc062723c751e8b465ee728b)  -> (artifact id: 'ba48f9dea8b3c0d5e8cd642edccc4577') in 0.016847 seconds
  Import took 0.023338 seconds .

========================================================================
Received Import Request.
  Time since last request: 11.898642 seconds.
  path: Assets/Prefabs/Weapons/Tompson.prefab
  artifactKey: Guid(2744568749072e2479f65defa216559d) Importer(815301076,1909f56bfc062723c751e8b465ee728b)
Start importing Assets/Prefabs/Weapons/Tompson.prefab using Guid(2744568749072e2479f65defa216559d) Importer(815301076,1909f56bfc062723c751e8b465ee728b)  -> (artifact id: '29b9504420273ee570dff371218ecd29') in 0.017535 seconds
  Import took 0.030000 seconds .

========================================================================
Received Import Request.
  Time since last request: 7.101108 seconds.
  path: Assets/Prefabs/Weapons/Tompson.prefab
  artifactKey: Guid(2744568749072e2479f65defa216559d) Importer(815301076,1909f56bfc062723c751e8b465ee728b)
Start importing Assets/Prefabs/Weapons/Tompson.prefab using Guid(2744568749072e2479f65defa216559d) Importer(815301076,1909f56bfc062723c751e8b465ee728b)  -> (artifact id: '1ed915630e6831bb8c932e2e47e01ebe') in 0.017220 seconds
  Import took 0.021722 seconds .

========================================================================
Received Import Request.
  Time since last request: 0.651062 seconds.
  path: Assets/Prefabs/Weapons/Tompson.prefab
  artifactKey: Guid(2744568749072e2479f65defa216559d) Importer(815301076,1909f56bfc062723c751e8b465ee728b)
Start importing Assets/Prefabs/Weapons/Tompson.prefab using Guid(2744568749072e2479f65defa216559d) Importer(815301076,1909f56bfc062723c751e8b465ee728b)  -> (artifact id: '089b1be39756590ffd038406ba21dd1f') in 0.016716 seconds
  Import took 0.020997 seconds .

========================================================================
Received Import Request.
  Time since last request: 4.581745 seconds.
  path: Assets/Prefabs/Weapons/Tompson.prefab
  artifactKey: Guid(2744568749072e2479f65defa216559d) Importer(815301076,1909f56bfc062723c751e8b465ee728b)
Start importing Assets/Prefabs/Weapons/Tompson.prefab using Guid(2744568749072e2479f65defa216559d) Importer(815301076,1909f56bfc062723c751e8b465ee728b)  -> (artifact id: 'e905d26a07ff31b060b3b8cee37d10ad') in 0.049150 seconds
  Import took 0.065281 seconds .

========================================================================
Received Import Request.
  Time since last request: 6.096725 seconds.
  path: Assets/Prefabs/Weapons/Tompson.prefab
  artifactKey: Guid(2744568749072e2479f65defa216559d) Importer(815301076,1909f56bfc062723c751e8b465ee728b)
Start importing Assets/Prefabs/Weapons/Tompson.prefab using Guid(2744568749072e2479f65defa216559d) Importer(815301076,1909f56bfc062723c751e8b465ee728b)  -> (artifact id: '90afde37ebde15a20463095beebeb2e7') in 0.014722 seconds
  Import took 0.027769 seconds .

========================================================================
Received Prepare
Registering precompiled user dll's ...
Registered in 0.001136 seconds.
Begin MonoManager ReloadAssembly
Native extension for WindowsStandalone target not found
Refreshing native plugins compatible for Editor in 0.35 ms, found 1 plugins.
Preloading 0 native plugins for Editor in 0.00 ms.
Invoked RoslynAnalysisRunner static constructor.
RoslynAnalysisRunner will not be running.
RoslynAnalysisRunner has terminated.
Mono: successfully reloaded assembly
- Completed reload, in  0.830 seconds
Platform modules already initialized, skipping
Refreshing native plugins compatible for Editor in 0.36 ms, found 1 plugins.
Preloading 0 native plugins for Editor in 0.00 ms.
Unloading 1855 Unused Serialized files (Serialized files now loaded: 0)
System memory in use before: 90.5 MB.
System memory in use after: 90.6 MB.

Unloading 7 unused Assets to reduce memory usage. Loaded Objects now: 2439.
Total: 2.202500 ms (FindLiveObjects: 0.235200 ms CreateObjectMapping: 0.091600 ms MarkObjects: 1.848400 ms  DeleteObjects: 0.025600 ms)

========================================================================
Received Import Request.
  Time since last request: 54.143316 seconds.
  path: Assets/Prefabs/Weapons/Tompson.prefab
  artifactKey: Guid(2744568749072e2479f65defa216559d) Importer(815301076,1909f56bfc062723c751e8b465ee728b)
Start importing Assets/Prefabs/Weapons/Tompson.prefab using Guid(2744568749072e2479f65defa216559d) Importer(815301076,1909f56bfc062723c751e8b465ee728b)  -> (artifact id: '4fa028970cfa3ddd41bd09c3c20ff2d8') in 0.064215 seconds
  Import took 0.078581 seconds .

========================================================================
Received Import Request.
  Time since last request: 5.887187 seconds.
  path: Assets/Prefabs/Weapons/Colt.prefab
  artifactKey: Guid(194fd2fd535c4c948a41b3dbdb93e4d2) Importer(815301076,1909f56bfc062723c751e8b465ee728b)
Start importing Assets/Prefabs/Weapons/Colt.prefab using Guid(194fd2fd535c4c948a41b3dbdb93e4d2) Importer(815301076,1909f56bfc062723c751e8b465ee728b)  -> (artifact id: '326af14ace446b50b0d2c7f104171113') in 0.018645 seconds
  Import took 0.029460 seconds .

========================================================================
Received Prepare
Registering precompiled user dll's ...
Registered in 0.000804 seconds.
Begin MonoManager ReloadAssembly
Native extension for WindowsStandalone target not found
Refreshing native plugins compatible for Editor in 0.36 ms, found 1 plugins.
Preloading 0 native plugins for Editor in 0.00 ms.
Invoked RoslynAnalysisRunner static constructor.
RoslynAnalysisRunner will not be running.
RoslynAnalysisRunner has terminated.
Mono: successfully reloaded assembly
- Completed reload, in  0.833 seconds
Platform modules already initialized, skipping
Refreshing native plugins compatible for Editor in 0.43 ms, found 1 plugins.
Preloading 0 native plugins for Editor in 0.00 ms.
Unloading 1855 Unused Serialized files (Serialized files now loaded: 0)
System memory in use before: 90.5 MB.
System memory in use after: 90.6 MB.

Unloading 7 unused Assets to reduce memory usage. Loaded Objects now: 2444.
Total: 2.528800 ms (FindLiveObjects: 0.448900 ms CreateObjectMapping: 0.114400 ms MarkObjects: 1.943700 ms  DeleteObjects: 0.020100 ms)

========================================================================
Received Import Request.
  Time since last request: 58.532590 seconds.
  path: Assets/Prefabs/Weapons/Springfield.prefab
  artifactKey: Guid(562fefa09061bed43bac6feb717ea76b) Importer(815301076,1909f56bfc062723c751e8b465ee728b)
Start importing Assets/Prefabs/Weapons/Springfield.prefab using Guid(562fefa09061bed43bac6feb717ea76b) Importer(815301076,1909f56bfc062723c751e8b465ee728b)  -> (artifact id: 'b10d840f4b3b4aa7ad56ea583a7fa151') in 0.077079 seconds
  Import took 0.081940 seconds .

========================================================================
Received Import Request.
  Time since last request: 0.964319 seconds.
  path: Assets/Prefabs/Weapons/Springfield.prefab
  artifactKey: Guid(562fefa09061bed43bac6feb717ea76b) Importer(815301076,1909f56bfc062723c751e8b465ee728b)
Start importing Assets/Prefabs/Weapons/Springfield.prefab using Guid(562fefa09061bed43bac6feb717ea76b) Importer(815301076,1909f56bfc062723c751e8b465ee728b)  -> (artifact id: 'e061193ea18620681f12ba63863a7e0c') in 0.018143 seconds
  Import took 0.028763 seconds .

========================================================================
Received Import Request.
  Time since last request: 0.370890 seconds.
  path: Assets/Prefabs/Weapons/Springfield.prefab
  artifactKey: Guid(562fefa09061bed43bac6feb717ea76b) Importer(815301076,1909f56bfc062723c751e8b465ee728b)
Start importing Assets/Prefabs/Weapons/Springfield.prefab using Guid(562fefa09061bed43bac6feb717ea76b) Importer(815301076,1909f56bfc062723c751e8b465ee728b)  -> (artifact id: '06ba84ad6f67a790f17689d52b871dbf') in 0.016747 seconds
  Import took 0.021309 seconds .

========================================================================
Received Import Request.
  Time since last request: 2.636427 seconds.
  path: Assets/Prefabs/Weapons/Springfield.prefab
  artifactKey: Guid(562fefa09061bed43bac6feb717ea76b) Importer(815301076,1909f56bfc062723c751e8b465ee728b)
Start importing Assets/Prefabs/Weapons/Springfield.prefab using Guid(562fefa09061bed43bac6feb717ea76b) Importer(815301076,1909f56bfc062723c751e8b465ee728b)  -> (artifact id: 'dd26a2913ebb6d553d471f7de51db253') in 0.016129 seconds
  Import took 0.019973 seconds .

========================================================================
Received Import Request.
  Time since last request: 5.423407 seconds.
  path: Assets/Prefabs/Weapons/Springfield.prefab
  artifactKey: Guid(562fefa09061bed43bac6feb717ea76b) Importer(815301076,1909f56bfc062723c751e8b465ee728b)
Start importing Assets/Prefabs/Weapons/Springfield.prefab using Guid(562fefa09061bed43bac6feb717ea76b) Importer(815301076,1909f56bfc062723c751e8b465ee728b)  -> (artifact id: '813fe94880e50081aede4079ce82f025') in 0.016105 seconds
  Import took 0.020360 seconds .

========================================================================
Received Import Request.
  Time since last request: 5.449058 seconds.
  path: Assets/Prefabs/Weapons/Springfield.prefab
  artifactKey: Guid(562fefa09061bed43bac6feb717ea76b) Importer(815301076,1909f56bfc062723c751e8b465ee728b)
Start importing Assets/Prefabs/Weapons/Springfield.prefab using Guid(562fefa09061bed43bac6feb717ea76b) Importer(815301076,1909f56bfc062723c751e8b465ee728b)  -> (artifact id: '319c2d0709edcd9813f2f15a16d7d1f3') in 0.017046 seconds
  Import took 0.021046 seconds .

========================================================================
Received Import Request.
  Time since last request: 1.050882 seconds.
  path: Assets/Prefabs/Weapons/Springfield.prefab
  artifactKey: Guid(562fefa09061bed43bac6feb717ea76b) Importer(815301076,1909f56bfc062723c751e8b465ee728b)
Start importing Assets/Prefabs/Weapons/Springfield.prefab using Guid(562fefa09061bed43bac6feb717ea76b) Importer(815301076,1909f56bfc062723c751e8b465ee728b)  -> (artifact id: 'a99491dc1cc43f626c1a0c05723e2e33') in 0.024232 seconds
  Import took 0.041397 seconds .

========================================================================
Received Import Request.
  Time since last request: 4.083101 seconds.
  path: Assets/Prefabs/Weapons/Springfield.prefab
  artifactKey: Guid(562fefa09061bed43bac6feb717ea76b) Importer(815301076,1909f56bfc062723c751e8b465ee728b)
Start importing Assets/Prefabs/Weapons/Springfield.prefab using Guid(562fefa09061bed43bac6feb717ea76b) Importer(815301076,1909f56bfc062723c751e8b465ee728b)  -> (artifact id: '14a8119464a51c2145ffef5007dd1ede') in 0.015784 seconds
  Import took 0.020718 seconds .

========================================================================
Received Prepare
Registering precompiled user dll's ...
Registered in 0.000853 seconds.
Begin MonoManager ReloadAssembly
Native extension for WindowsStandalone target not found
Refreshing native plugins compatible for Editor in 0.36 ms, found 1 plugins.
Preloading 0 native plugins for Editor in 0.00 ms.
Invoked RoslynAnalysisRunner static constructor.
RoslynAnalysisRunner will not be running.
RoslynAnalysisRunner has terminated.
Mono: successfully reloaded assembly
- Completed reload, in  0.922 seconds
Platform modules already initialized, skipping
Refreshing native plugins compatible for Editor in 0.39 ms, found 1 plugins.
Preloading 0 native plugins for Editor in 0.00 ms.
Unloading 1855 Unused Serialized files (Serialized files now loaded: 0)
System memory in use before: 90.5 MB.
System memory in use after: 90.6 MB.

Unloading 7 unused Assets to reduce memory usage. Loaded Objects now: 2449.
Total: 2.347900 ms (FindLiveObjects: 0.299400 ms CreateObjectMapping: 0.126900 ms MarkObjects: 1.899400 ms  DeleteObjects: 0.020800 ms)

========================================================================
Received Import Request.
  Time since last request: 39.950045 seconds.
  path: Assets/Prefabs/Weapons/Springfield.prefab
  artifactKey: Guid(562fefa09061bed43bac6feb717ea76b) Importer(815301076,1909f56bfc062723c751e8b465ee728b)
Start importing Assets/Prefabs/Weapons/Springfield.prefab using Guid(562fefa09061bed43bac6feb717ea76b) Importer(815301076,1909f56bfc062723c751e8b465ee728b)  -> (artifact id: 'c85c630e20f30be2352e03106dc2c80e') in 0.077909 seconds
  Import took 0.082176 seconds .

========================================================================
Received Prepare
Registering precompiled user dll's ...
Registered in 0.000786 seconds.
Begin MonoManager ReloadAssembly
Native extension for WindowsStandalone target not found
Refreshing native plugins compatible for Editor in 0.36 ms, found 1 plugins.
Preloading 0 native plugins for Editor in 0.00 ms.
Invoked RoslynAnalysisRunner static constructor.
RoslynAnalysisRunner will not be running.
RoslynAnalysisRunner has terminated.
Mono: successfully reloaded assembly
- Completed reload, in  0.824 seconds
Platform modules already initialized, skipping
Refreshing native plugins compatible for Editor in 0.36 ms, found 1 plugins.
Preloading 0 native plugins for Editor in 0.00 ms.
Unloading 1855 Unused Serialized files (Serialized files now loaded: 0)
System memory in use before: 90.5 MB.
System memory in use after: 90.6 MB.

Unloading 7 unused Assets to reduce memory usage. Loaded Objects now: 2454.
Total: 2.596000 ms (FindLiveObjects: 0.326700 ms CreateObjectMapping: 0.124700 ms MarkObjects: 2.121300 ms  DeleteObjects: 0.021600 ms)

