Using pre-set license
Built from '2020.2/staging' branch; Version is '2020.2.7f1 (c53830e277f1) revision 12924976'; Using compiler version '192528614'; Build Type 'Release'
OS: 'Windows 10 Pro; OS build 19041.1110; Version 2004; 64bit' Language: 'en' Physical Memory: 8147 MB
BatchMode: 1, IsHumanControllingUs: 0, StartBugReporterOnCrash: 0, Is64bit: 1, IsPro: 0

 COMMAND LINE ARGUMENTS:
D:\UNITY projects\2020.2.7f1\Editor\Unity.exe
-adb2
-batchMode
-noUpm
-name
AssetImportWorker0
-projectPath
D:/UNITY projects/FinalProject
-logFile
Logs/AssetImportWorker0.log
-srvPort
51787
Successfully changed project path to: D:/UNITY projects/FinalProject
D:/UNITY projects/FinalProject
Using Asset Import Pipeline V2.
Refreshing native plugins compatible for Editor in 41.04 ms, found 1 plugins.
Preloading 0 native plugins for Editor in 0.00 ms.
Initialize engine version: 2020.2.7f1 (c53830e277f1)
[Subsystems] Discovering subsystems at path D:/UNITY projects/2020.2.7f1/Editor/Data/Resources/UnitySubsystems
[Subsystems] Discovering subsystems at path D:/UNITY projects/FinalProject/Assets
GfxDevice: creating device client; threaded=0
Direct3D:
    Version:  Direct3D 11.0 [level 11.1]
    Renderer: NVIDIA GeForce GTX 1050 (ID=0x1c81)
    Vendor:   
    VRAM:     1977 MB
    Driver:   27.21.14.5671
Initialize mono
Mono path[0] = 'D:/UNITY projects/2020.2.7f1/Editor/Data/Managed'
Mono path[1] = 'D:/UNITY projects/2020.2.7f1/Editor/Data/MonoBleedingEdge/lib/mono/unityjit'
Mono config path = 'D:/UNITY projects/2020.2.7f1/Editor/Data/MonoBleedingEdge/etc'
Using monoOptions --debugger-agent=transport=dt_socket,embedding=1,server=y,suspend=n,address=127.0.0.1:56848
Begin MonoManager ReloadAssembly
Registering precompiled unity dll's ...
Register platform support module: D:/UNITY projects/2020.2.7f1/Editor/Data/PlaybackEngines/WindowsStandaloneSupport/UnityEditor.WindowsStandalone.Extensions.dll
Registered in 0.001022 seconds.
Native extension for WindowsStandalone target not found
Refreshing native plugins compatible for Editor in 41.08 ms, found 1 plugins.
Preloading 0 native plugins for Editor in 0.00 ms.
Invoked RoslynAnalysisRunner static constructor.
RoslynAnalysisRunner will not be running.
RoslynAnalysisRunner has terminated.
Mono: successfully reloaded assembly
- Completed reload, in  1.511 seconds
Platform modules already initialized, skipping
Registering precompiled user dll's ...
Registered in 0.000794 seconds.
Begin MonoManager ReloadAssembly
Native extension for WindowsStandalone target not found
Refreshing native plugins compatible for Editor in 38.69 ms, found 1 plugins.
Preloading 0 native plugins for Editor in 0.00 ms.
Invoked RoslynAnalysisRunner static constructor.
RoslynAnalysisRunner will not be running.
RoslynAnalysisRunner has terminated.
Mono: successfully reloaded assembly
- Completed reload, in  0.936 seconds
Platform modules already initialized, skipping
========================================================================
Worker process is ready to serve import requests
Launched and connected shader compiler UnityShaderCompiler.exe after 0.05 seconds
Refreshing native plugins compatible for Editor in 2.35 ms, found 1 plugins.
Preloading 0 native plugins for Editor in 0.00 ms.
Unloading 1886 Unused Serialized files (Serialized files now loaded: 0)
System memory in use before: 88.2 MB.
System memory in use after: 88.3 MB.

Unloading 19 unused Assets to reduce memory usage. Loaded Objects now: 2337.
Total: 3.431800 ms (FindLiveObjects: 0.600900 ms CreateObjectMapping: 0.458300 ms MarkObjects: 2.273300 ms  DeleteObjects: 0.097100 ms)

========================================================================
Received Import Request.
  path: Assets/Scripts/Enemy/Enemy.cs
  artifactKey: Guid(67b54e7c7fbd232449931a153797393b) Importer(815301076,1909f56bfc062723c751e8b465ee728b)
Start importing Assets/Scripts/Enemy/Enemy.cs using Guid(67b54e7c7fbd232449931a153797393b) Importer(815301076,1909f56bfc062723c751e8b465ee728b)  -> (artifact id: '75a9bbb76a2ec65c78203e7cc002e21e') in 0.042724 seconds
  Import took 0.047666 seconds .

========================================================================
Received Prepare
Refreshing native plugins compatible for Editor in 1.43 ms, found 1 plugins.
Preloading 0 native plugins for Editor in 0.00 ms.
Unloading 5 Unused Serialized files (Serialized files now loaded: 0)
System memory in use before: 49.8 MB.
System memory in use after: 50.0 MB.

Unloading 5 unused Assets to reduce memory usage. Loaded Objects now: 2337.
Total: 2.074600 ms (FindLiveObjects: 0.265900 ms CreateObjectMapping: 0.078400 ms MarkObjects: 1.708500 ms  DeleteObjects: 0.020400 ms)

========================================================================
Received Prepare
Registering precompiled user dll's ...
Registered in 0.000767 seconds.
Begin MonoManager ReloadAssembly
Native extension for WindowsStandalone target not found
Refreshing native plugins compatible for Editor in 0.55 ms, found 1 plugins.
Preloading 0 native plugins for Editor in 0.00 ms.
Invoked RoslynAnalysisRunner static constructor.
RoslynAnalysisRunner will not be running.
RoslynAnalysisRunner has terminated.
Mono: successfully reloaded assembly
- Completed reload, in  0.856 seconds
Platform modules already initialized, skipping
Refreshing native plugins compatible for Editor in 0.37 ms, found 1 plugins.
Preloading 0 native plugins for Editor in 0.00 ms.
Unloading 1863 Unused Serialized files (Serialized files now loaded: 0)
System memory in use before: 86.7 MB.
System memory in use after: 86.9 MB.

Unloading 7 unused Assets to reduce memory usage. Loaded Objects now: 2341.
Total: 2.443000 ms (FindLiveObjects: 0.313200 ms CreateObjectMapping: 0.124400 ms MarkObjects: 1.980500 ms  DeleteObjects: 0.023300 ms)

========================================================================
Received Prepare
Registering precompiled user dll's ...
Registered in 0.000770 seconds.
Begin MonoManager ReloadAssembly
Native extension for WindowsStandalone target not found
Refreshing native plugins compatible for Editor in 0.38 ms, found 1 plugins.
Preloading 0 native plugins for Editor in 0.00 ms.
Invoked RoslynAnalysisRunner static constructor.
RoslynAnalysisRunner will not be running.
RoslynAnalysisRunner has terminated.
Mono: successfully reloaded assembly
- Completed reload, in  0.888 seconds
Platform modules already initialized, skipping
Refreshing native plugins compatible for Editor in 0.54 ms, found 1 plugins.
Preloading 0 native plugins for Editor in 0.00 ms.
Unloading 1863 Unused Serialized files (Serialized files now loaded: 0)
System memory in use before: 86.8 MB.
System memory in use after: 86.9 MB.

Unloading 7 unused Assets to reduce memory usage. Loaded Objects now: 2345.
Total: 2.287900 ms (FindLiveObjects: 0.305300 ms CreateObjectMapping: 0.166900 ms MarkObjects: 1.794300 ms  DeleteObjects: 0.020200 ms)

========================================================================
Received Prepare
Registering precompiled user dll's ...
Registered in 0.000818 seconds.
Begin MonoManager ReloadAssembly
Native extension for WindowsStandalone target not found
Refreshing native plugins compatible for Editor in 0.36 ms, found 1 plugins.
Preloading 0 native plugins for Editor in 0.00 ms.
Invoked RoslynAnalysisRunner static constructor.
RoslynAnalysisRunner will not be running.
RoslynAnalysisRunner has terminated.
Mono: successfully reloaded assembly
- Completed reload, in  0.846 seconds
Platform modules already initialized, skipping
Refreshing native plugins compatible for Editor in 0.39 ms, found 1 plugins.
Preloading 0 native plugins for Editor in 0.00 ms.
Unloading 1863 Unused Serialized files (Serialized files now loaded: 0)
System memory in use before: 86.8 MB.
System memory in use after: 86.9 MB.

Unloading 7 unused Assets to reduce memory usage. Loaded Objects now: 2349.
Total: 2.476600 ms (FindLiveObjects: 0.417900 ms CreateObjectMapping: 0.170000 ms MarkObjects: 1.868200 ms  DeleteObjects: 0.019100 ms)

========================================================================
Received Prepare
Registering precompiled user dll's ...
Registered in 0.001561 seconds.
Begin MonoManager ReloadAssembly
Native extension for WindowsStandalone target not found
Refreshing native plugins compatible for Editor in 0.62 ms, found 1 plugins.
Preloading 0 native plugins for Editor in 0.00 ms.
Invoked RoslynAnalysisRunner static constructor.
RoslynAnalysisRunner will not be running.
RoslynAnalysisRunner has terminated.
Mono: successfully reloaded assembly
- Completed reload, in  0.950 seconds
Platform modules already initialized, skipping
Refreshing native plugins compatible for Editor in 0.38 ms, found 1 plugins.
Preloading 0 native plugins for Editor in 0.00 ms.
Unloading 1863 Unused Serialized files (Serialized files now loaded: 0)
System memory in use before: 86.8 MB.
System memory in use after: 86.9 MB.

Unloading 7 unused Assets to reduce memory usage. Loaded Objects now: 2353.
Total: 2.047800 ms (FindLiveObjects: 0.257100 ms CreateObjectMapping: 0.082700 ms MarkObjects: 1.688300 ms  DeleteObjects: 0.017600 ms)

========================================================================
Received Prepare
Registering precompiled user dll's ...
Registered in 0.001147 seconds.
Begin MonoManager ReloadAssembly
Native extension for WindowsStandalone target not found
Refreshing native plugins compatible for Editor in 0.36 ms, found 1 plugins.
Preloading 0 native plugins for Editor in 0.00 ms.
Invoked RoslynAnalysisRunner static constructor.
RoslynAnalysisRunner will not be running.
RoslynAnalysisRunner has terminated.
Mono: successfully reloaded assembly
- Completed reload, in  0.842 seconds
Platform modules already initialized, skipping
Refreshing native plugins compatible for Editor in 0.38 ms, found 1 plugins.
Preloading 0 native plugins for Editor in 0.00 ms.
Unloading 1863 Unused Serialized files (Serialized files now loaded: 0)
System memory in use before: 86.8 MB.
System memory in use after: 87.0 MB.

Unloading 7 unused Assets to reduce memory usage. Loaded Objects now: 2357.
Total: 2.111300 ms (FindLiveObjects: 0.230000 ms CreateObjectMapping: 0.091400 ms MarkObjects: 1.768200 ms  DeleteObjects: 0.020400 ms)

========================================================================
Received Prepare
Registering precompiled user dll's ...
Registered in 0.000817 seconds.
Begin MonoManager ReloadAssembly
Native extension for WindowsStandalone target not found
Refreshing native plugins compatible for Editor in 0.36 ms, found 1 plugins.
Preloading 0 native plugins for Editor in 0.00 ms.
Invoked RoslynAnalysisRunner static constructor.
RoslynAnalysisRunner will not be running.
RoslynAnalysisRunner has terminated.
Mono: successfully reloaded assembly
- Completed reload, in  0.932 seconds
Platform modules already initialized, skipping
Refreshing native plugins compatible for Editor in 0.38 ms, found 1 plugins.
Preloading 0 native plugins for Editor in 0.00 ms.
Unloading 1863 Unused Serialized files (Serialized files now loaded: 0)
System memory in use before: 86.8 MB.
System memory in use after: 87.0 MB.

Unloading 7 unused Assets to reduce memory usage. Loaded Objects now: 2361.
Total: 2.040700 ms (FindLiveObjects: 0.230300 ms CreateObjectMapping: 0.072200 ms MarkObjects: 1.718100 ms  DeleteObjects: 0.018800 ms)

========================================================================
Received Prepare
Registering precompiled user dll's ...
Registered in 0.001109 seconds.
Begin MonoManager ReloadAssembly
Native extension for WindowsStandalone target not found
Refreshing native plugins compatible for Editor in 0.36 ms, found 1 plugins.
Preloading 0 native plugins for Editor in 0.00 ms.
Invoked RoslynAnalysisRunner static constructor.
RoslynAnalysisRunner will not be running.
RoslynAnalysisRunner has terminated.
Mono: successfully reloaded assembly
- Completed reload, in  0.940 seconds
Platform modules already initialized, skipping
Refreshing native plugins compatible for Editor in 0.36 ms, found 1 plugins.
Preloading 0 native plugins for Editor in 0.00 ms.
Unloading 1863 Unused Serialized files (Serialized files now loaded: 0)
System memory in use before: 86.9 MB.
System memory in use after: 87.0 MB.

Unloading 7 unused Assets to reduce memory usage. Loaded Objects now: 2365.
Total: 2.334500 ms (FindLiveObjects: 0.304300 ms CreateObjectMapping: 0.097400 ms MarkObjects: 1.911600 ms  DeleteObjects: 0.019600 ms)

========================================================================
Received Prepare
Registering precompiled user dll's ...
Registered in 0.000811 seconds.
Begin MonoManager ReloadAssembly
Native extension for WindowsStandalone target not found
Refreshing native plugins compatible for Editor in 0.37 ms, found 1 plugins.
Preloading 0 native plugins for Editor in 0.00 ms.
Invoked RoslynAnalysisRunner static constructor.
RoslynAnalysisRunner will not be running.
RoslynAnalysisRunner has terminated.
Mono: successfully reloaded assembly
- Completed reload, in  0.925 seconds
Platform modules already initialized, skipping
Refreshing native plugins compatible for Editor in 0.36 ms, found 1 plugins.
Preloading 0 native plugins for Editor in 0.00 ms.
Unloading 1863 Unused Serialized files (Serialized files now loaded: 0)
System memory in use before: 86.9 MB.
System memory in use after: 87.0 MB.

Unloading 7 unused Assets to reduce memory usage. Loaded Objects now: 2369.
Total: 3.493200 ms (FindLiveObjects: 0.576800 ms CreateObjectMapping: 0.401200 ms MarkObjects: 2.492600 ms  DeleteObjects: 0.020600 ms)

========================================================================
Received Prepare
Registering precompiled user dll's ...
Registered in 0.001137 seconds.
Begin MonoManager ReloadAssembly
Native extension for WindowsStandalone target not found
Refreshing native plugins compatible for Editor in 0.41 ms, found 1 plugins.
Preloading 0 native plugins for Editor in 0.00 ms.
Invoked RoslynAnalysisRunner static constructor.
RoslynAnalysisRunner will not be running.
RoslynAnalysisRunner has terminated.
Mono: successfully reloaded assembly
- Completed reload, in  0.883 seconds
Platform modules already initialized, skipping
Refreshing native plugins compatible for Editor in 0.38 ms, found 1 plugins.
Preloading 0 native plugins for Editor in 0.00 ms.
Unloading 1863 Unused Serialized files (Serialized files now loaded: 0)
System memory in use before: 86.9 MB.
System memory in use after: 87.0 MB.

Unloading 7 unused Assets to reduce memory usage. Loaded Objects now: 2373.
Total: 2.329200 ms (FindLiveObjects: 0.302400 ms CreateObjectMapping: 0.113300 ms MarkObjects: 1.894300 ms  DeleteObjects: 0.017900 ms)

========================================================================
Received Prepare
Registering precompiled user dll's ...
Registered in 0.000781 seconds.
Begin MonoManager ReloadAssembly
Native extension for WindowsStandalone target not found
Refreshing native plugins compatible for Editor in 0.37 ms, found 1 plugins.
Preloading 0 native plugins for Editor in 0.00 ms.
Invoked RoslynAnalysisRunner static constructor.
RoslynAnalysisRunner will not be running.
RoslynAnalysisRunner has terminated.
Mono: successfully reloaded assembly
- Completed reload, in  0.889 seconds
Platform modules already initialized, skipping
Refreshing native plugins compatible for Editor in 0.41 ms, found 1 plugins.
Preloading 0 native plugins for Editor in 0.00 ms.
Unloading 1863 Unused Serialized files (Serialized files now loaded: 0)
System memory in use before: 86.9 MB.
System memory in use after: 87.0 MB.

Unloading 7 unused Assets to reduce memory usage. Loaded Objects now: 2377.
Total: 2.195900 ms (FindLiveObjects: 0.285000 ms CreateObjectMapping: 0.100600 ms MarkObjects: 1.787800 ms  DeleteObjects: 0.021300 ms)

========================================================================
Received Import Request.
  Time since last request: 1158.583723 seconds.
  path: Assets/Prefabs/Enemies/Boss.prefab
  artifactKey: Guid(0054b314542f14549806562bffee1141) Importer(815301076,1909f56bfc062723c751e8b465ee728b)
Start importing Assets/Prefabs/Enemies/Boss.prefab using Guid(0054b314542f14549806562bffee1141) Importer(815301076,1909f56bfc062723c751e8b465ee728b)  -> (artifact id: 'df3bda0433a156cc031eec895b8249b6') in 0.143355 seconds
  Import took 0.161559 seconds .

========================================================================
Received Prepare
Registering precompiled user dll's ...
Registered in 0.000804 seconds.
Begin MonoManager ReloadAssembly
Native extension for WindowsStandalone target not found
Refreshing native plugins compatible for Editor in 0.37 ms, found 1 plugins.
Preloading 0 native plugins for Editor in 0.00 ms.
Invoked RoslynAnalysisRunner static constructor.
RoslynAnalysisRunner will not be running.
RoslynAnalysisRunner has terminated.
Mono: successfully reloaded assembly
- Completed reload, in  0.841 seconds
Platform modules already initialized, skipping
Refreshing native plugins compatible for Editor in 0.37 ms, found 1 plugins.
Preloading 0 native plugins for Editor in 0.00 ms.
Unloading 1863 Unused Serialized files (Serialized files now loaded: 0)
System memory in use before: 90.1 MB.
System memory in use after: 90.2 MB.

Unloading 11 unused Assets to reduce memory usage. Loaded Objects now: 2388.
Total: 2.216700 ms (FindLiveObjects: 0.187800 ms CreateObjectMapping: 0.071000 ms MarkObjects: 1.909400 ms  DeleteObjects: 0.047600 ms)

========================================================================
Received Import Request.
  Time since last request: 10.107743 seconds.
  path: Assets/Prefabs/Enemies/Boss.prefab
  artifactKey: Guid(0054b314542f14549806562bffee1141) Importer(815301076,1909f56bfc062723c751e8b465ee728b)
Start importing Assets/Prefabs/Enemies/Boss.prefab using Guid(0054b314542f14549806562bffee1141) Importer(815301076,1909f56bfc062723c751e8b465ee728b)  -> (artifact id: '2d24a0d262085d7c8be585867e62b76e') in 0.077888 seconds
  Import took 0.081517 seconds .

========================================================================
Received Prepare
Registering precompiled user dll's ...
Registered in 0.001165 seconds.
Begin MonoManager ReloadAssembly
Native extension for WindowsStandalone target not found
Refreshing native plugins compatible for Editor in 0.36 ms, found 1 plugins.
Preloading 0 native plugins for Editor in 0.00 ms.
Invoked RoslynAnalysisRunner static constructor.
RoslynAnalysisRunner will not be running.
RoslynAnalysisRunner has terminated.
Mono: successfully reloaded assembly
- Completed reload, in  0.907 seconds
Platform modules already initialized, skipping
Refreshing native plugins compatible for Editor in 0.39 ms, found 1 plugins.
Preloading 0 native plugins for Editor in 0.00 ms.
Unloading 1863 Unused Serialized files (Serialized files now loaded: 0)
System memory in use before: 90.1 MB.
System memory in use after: 90.2 MB.

Unloading 11 unused Assets to reduce memory usage. Loaded Objects now: 2393.
Total: 2.381500 ms (FindLiveObjects: 0.405300 ms CreateObjectMapping: 0.181200 ms MarkObjects: 1.744500 ms  DeleteObjects: 0.048200 ms)

========================================================================
Received Prepare
Registering precompiled user dll's ...
Registered in 0.000789 seconds.
Begin MonoManager ReloadAssembly
Native extension for WindowsStandalone target not found
Refreshing native plugins compatible for Editor in 0.39 ms, found 1 plugins.
Preloading 0 native plugins for Editor in 0.00 ms.
Invoked RoslynAnalysisRunner static constructor.
RoslynAnalysisRunner will not be running.
RoslynAnalysisRunner has terminated.
Mono: successfully reloaded assembly
- Completed reload, in  1.015 seconds
Platform modules already initialized, skipping
Refreshing native plugins compatible for Editor in 0.41 ms, found 1 plugins.
Preloading 0 native plugins for Editor in 0.00 ms.
Unloading 1863 Unused Serialized files (Serialized files now loaded: 0)
System memory in use before: 90.1 MB.
System memory in use after: 90.2 MB.

Unloading 7 unused Assets to reduce memory usage. Loaded Objects now: 2397.
Total: 2.909100 ms (FindLiveObjects: 0.318300 ms CreateObjectMapping: 0.100900 ms MarkObjects: 2.465300 ms  DeleteObjects: 0.023400 ms)

========================================================================
Received Prepare
Registering precompiled user dll's ...
Registered in 0.001487 seconds.
Begin MonoManager ReloadAssembly
Native extension for WindowsStandalone target not found
Refreshing native plugins compatible for Editor in 0.36 ms, found 1 plugins.
Preloading 0 native plugins for Editor in 0.00 ms.
Invoked RoslynAnalysisRunner static constructor.
RoslynAnalysisRunner will not be running.
RoslynAnalysisRunner has terminated.
Mono: successfully reloaded assembly
- Completed reload, in  0.874 seconds
Platform modules already initialized, skipping
Refreshing native plugins compatible for Editor in 0.46 ms, found 1 plugins.
Preloading 0 native plugins for Editor in 0.00 ms.
Unloading 1863 Unused Serialized files (Serialized files now loaded: 0)
System memory in use before: 90.1 MB.
System memory in use after: 90.2 MB.

Unloading 7 unused Assets to reduce memory usage. Loaded Objects now: 2401.
Total: 2.248000 ms (FindLiveObjects: 0.294000 ms CreateObjectMapping: 0.200400 ms MarkObjects: 1.732200 ms  DeleteObjects: 0.020300 ms)

========================================================================
Received Import Request.
  Time since last request: 2146.293505 seconds.
  path: Assets/Sprites/Pickup_death_anim.png
  artifactKey: Guid(76accc29c507da349976715db8047c3c) Importer(815301076,1909f56bfc062723c751e8b465ee728b)
Start importing Assets/Sprites/Pickup_death_anim.png using Guid(76accc29c507da349976715db8047c3c) Importer(815301076,1909f56bfc062723c751e8b465ee728b)  -> (artifact id: 'dcf61f5dd3460434e1ed76e031dbd3f1') in 0.088021 seconds
  Import took 0.104870 seconds .

========================================================================
Received Import Request.
  Time since last request: 28.286582 seconds.
  path: Assets/Sprites/Pickup_death_anim.png
  artifactKey: Guid(76accc29c507da349976715db8047c3c) Importer(815301076,1909f56bfc062723c751e8b465ee728b)
Start importing Assets/Sprites/Pickup_death_anim.png using Guid(76accc29c507da349976715db8047c3c) Importer(815301076,1909f56bfc062723c751e8b465ee728b)  -> (artifact id: 'ee59165fd07d01f8181396dfcc64126c') in 0.019866 seconds
  Import took 0.028407 seconds .

========================================================================
Received Import Request.
  Time since last request: 25.118960 seconds.
  path: Assets/Sprites/Pickup_death_anim.png
  artifactKey: Guid(76accc29c507da349976715db8047c3c) Importer(815301076,1909f56bfc062723c751e8b465ee728b)
Start importing Assets/Sprites/Pickup_death_anim.png using Guid(76accc29c507da349976715db8047c3c) Importer(815301076,1909f56bfc062723c751e8b465ee728b)  -> (artifact id: 'd66b82ca90ab08606ce4f6126f2e1031') in 0.030349 seconds
  Import took 0.052792 seconds .

========================================================================
Received Import Request.
  Time since last request: 83.530324 seconds.
  path: Assets/Sprites/Pickup_death_anim.png
  artifactKey: Guid(76accc29c507da349976715db8047c3c) Importer(815301076,1909f56bfc062723c751e8b465ee728b)
Start importing Assets/Sprites/Pickup_death_anim.png using Guid(76accc29c507da349976715db8047c3c) Importer(815301076,1909f56bfc062723c751e8b465ee728b)  -> (artifact id: '6d80242046c378294111646957a5c574') in 0.024950 seconds
  Import took 0.031092 seconds .

========================================================================
Received Import Request.
  Time since last request: 158.904749 seconds.
  path: Assets/Animations/Enemies/BossDeath.anim
  artifactKey: Guid(ac2c536b0cc3c814aac9abd028e7ae92) Importer(815301076,1909f56bfc062723c751e8b465ee728b)
Start importing Assets/Animations/Enemies/BossDeath.anim using Guid(ac2c536b0cc3c814aac9abd028e7ae92) Importer(815301076,1909f56bfc062723c751e8b465ee728b)  -> (artifact id: '7e0cc40d47072357b1cd37e4479e4e62') in 0.031199 seconds
  Import took 0.050622 seconds .

========================================================================
Received Import Request.
  Time since last request: 0.001319 seconds.
  path: Assets/Animations/Enemies/BossDeath.anim
  artifactKey: Guid(ac2c536b0cc3c814aac9abd028e7ae92) Importer(815301076,1909f56bfc062723c751e8b465ee728b)
Start importing Assets/Animations/Enemies/BossDeath.anim using Guid(ac2c536b0cc3c814aac9abd028e7ae92) Importer(815301076,1909f56bfc062723c751e8b465ee728b)  -> (artifact id: '7e0cc40d47072357b1cd37e4479e4e62') in 0.007002 seconds
  Import took 0.012073 seconds .

========================================================================
Received Import Request.
  Time since last request: 9.425858 seconds.
  path: Assets/Animations/Enemies/Pickup_death_anim_0.controller
  artifactKey: Guid(64624c7aa9b011c40a363f3958e48672) Importer(815301076,1909f56bfc062723c751e8b465ee728b)
Start importing Assets/Animations/Enemies/Pickup_death_anim_0.controller using Guid(64624c7aa9b011c40a363f3958e48672) Importer(815301076,1909f56bfc062723c751e8b465ee728b)  -> (artifact id: '50c7010f9fa46904f8d0f8c4268746ba') in 0.009632 seconds
  Import took 0.027135 seconds .

========================================================================
Received Import Request.
  Time since last request: 76.507482 seconds.
  path: Assets/Animations/Enemies/BossShoot.anim
  artifactKey: Guid(d4a734c224537dd4b85bcf9a132de63b) Importer(815301076,1909f56bfc062723c751e8b465ee728b)
Start importing Assets/Animations/Enemies/BossShoot.anim using Guid(d4a734c224537dd4b85bcf9a132de63b) Importer(815301076,1909f56bfc062723c751e8b465ee728b)  -> (artifact id: '292e17cc59fed447ecbbc3b09608c09a') in 0.014086 seconds
  Import took 0.018301 seconds .

========================================================================
Received Import Request.
  Time since last request: 0.000608 seconds.
  path: Assets/Animations/Enemies/BossShoot.anim
  artifactKey: Guid(d4a734c224537dd4b85bcf9a132de63b) Importer(815301076,1909f56bfc062723c751e8b465ee728b)
Start importing Assets/Animations/Enemies/BossShoot.anim using Guid(d4a734c224537dd4b85bcf9a132de63b) Importer(815301076,1909f56bfc062723c751e8b465ee728b)  -> (artifact id: '292e17cc59fed447ecbbc3b09608c09a') in 0.006263 seconds
  Import took 0.010246 seconds .

========================================================================
Received Import Request.
  Time since last request: 2.929699 seconds.
  path: Assets/Animations/Enemies/Boss.controller
  artifactKey: Guid(dfc7c8ebba9332a4c803edaeaff91aed) Importer(815301076,1909f56bfc062723c751e8b465ee728b)
Start importing Assets/Animations/Enemies/Boss.controller using Guid(dfc7c8ebba9332a4c803edaeaff91aed) Importer(815301076,1909f56bfc062723c751e8b465ee728b)  -> (artifact id: '54f23c7bb2275e3d9f5a114ff2555764') in 0.009655 seconds
  Import took 0.021925 seconds .

========================================================================
Received Prepare
Registering precompiled user dll's ...
Registered in 0.000865 seconds.
Begin MonoManager ReloadAssembly
Native extension for WindowsStandalone target not found
Refreshing native plugins compatible for Editor in 0.36 ms, found 1 plugins.
Preloading 0 native plugins for Editor in 0.00 ms.
Invoked RoslynAnalysisRunner static constructor.
RoslynAnalysisRunner will not be running.
RoslynAnalysisRunner has terminated.
Mono: successfully reloaded assembly
- Completed reload, in  0.895 seconds
Platform modules already initialized, skipping
Refreshing native plugins compatible for Editor in 0.37 ms, found 1 plugins.
Preloading 0 native plugins for Editor in 0.00 ms.
Unloading 1863 Unused Serialized files (Serialized files now loaded: 0)
System memory in use before: 90.1 MB.
System memory in use after: 90.2 MB.

Unloading 7 unused Assets to reduce memory usage. Loaded Objects now: 2414.
Total: 3.578000 ms (FindLiveObjects: 0.482700 ms CreateObjectMapping: 0.251900 ms MarkObjects: 2.813900 ms  DeleteObjects: 0.027700 ms)

========================================================================
Received Import Request.
  Time since last request: 240.836511 seconds.
  path: Assets/Prefabs/Enemies/Boss.prefab
  artifactKey: Guid(0054b314542f14549806562bffee1141) Importer(815301076,1909f56bfc062723c751e8b465ee728b)
Start importing Assets/Prefabs/Enemies/Boss.prefab using Guid(0054b314542f14549806562bffee1141) Importer(815301076,1909f56bfc062723c751e8b465ee728b)  -> (artifact id: '2cb519b447a32de74f88935255a3f34c') in 0.101205 seconds
  Import took 0.116302 seconds .

========================================================================
Received Import Request.
  Time since last request: 0.000264 seconds.
  path: Assets/Prefabs/Enemies/Obstacle.prefab
  artifactKey: Guid(acb7a6207a43ed445a2e4270312e2810) Importer(815301076,1909f56bfc062723c751e8b465ee728b)
Start importing Assets/Prefabs/Enemies/Obstacle.prefab using Guid(acb7a6207a43ed445a2e4270312e2810) Importer(815301076,1909f56bfc062723c751e8b465ee728b)  -> (artifact id: 'cf804f53d52bd8827f49708a388b3560') in 0.032425 seconds
  Import took 0.049378 seconds .

========================================================================
Received Import Request.
  Time since last request: 0.000227 seconds.
  path: Assets/Prefabs/Enemies/Boss.prefab
  artifactKey: Guid(0054b314542f14549806562bffee1141) Importer(815301076,1909f56bfc062723c751e8b465ee728b)
Start importing Assets/Prefabs/Enemies/Boss.prefab using Guid(0054b314542f14549806562bffee1141) Importer(815301076,1909f56bfc062723c751e8b465ee728b)  -> (artifact id: '2cb519b447a32de74f88935255a3f34c') in 0.038664 seconds
  Import took 0.043709 seconds .

========================================================================
Received Import Request.
  Time since last request: 11.675522 seconds.
  path: Assets/Prefabs/Enemies/Boss.prefab
  artifactKey: Guid(0054b314542f14549806562bffee1141) Importer(815301076,1909f56bfc062723c751e8b465ee728b)
Start importing Assets/Prefabs/Enemies/Boss.prefab using Guid(0054b314542f14549806562bffee1141) Importer(815301076,1909f56bfc062723c751e8b465ee728b)  -> (artifact id: '0a3e2d89a918cf11a43b946559cc1644') in 0.023110 seconds
  Import took 0.029119 seconds .

========================================================================
Received Prepare
Registering precompiled user dll's ...
Registered in 0.000802 seconds.
Begin MonoManager ReloadAssembly
Native extension for WindowsStandalone target not found
Refreshing native plugins compatible for Editor in 0.57 ms, found 1 plugins.
Preloading 0 native plugins for Editor in 0.00 ms.
Invoked RoslynAnalysisRunner static constructor.
RoslynAnalysisRunner will not be running.
RoslynAnalysisRunner has terminated.
Mono: successfully reloaded assembly
- Completed reload, in  0.850 seconds
Platform modules already initialized, skipping
Refreshing native plugins compatible for Editor in 0.38 ms, found 1 plugins.
Preloading 0 native plugins for Editor in 0.00 ms.
Unloading 1863 Unused Serialized files (Serialized files now loaded: 0)
System memory in use before: 90.2 MB.
System memory in use after: 90.3 MB.

Unloading 11 unused Assets to reduce memory usage. Loaded Objects now: 2419.
Total: 2.249100 ms (FindLiveObjects: 0.225300 ms CreateObjectMapping: 0.086300 ms MarkObjects: 1.886700 ms  DeleteObjects: 0.049400 ms)

